This is pdfTeX, Version 3.141592653-2.6-1.40.22 (MiKTeX 21.3) (preloaded format=pdflatex 2021.3.19)  29 MAR 2021 12:34
entering extended mode
**./MATH308_Notes.tex
(MATH308_Notes.tex
LaTeX2e <2020-10-01> patch level 4
L3 programming layer <2021-02-18>
(C:\Program Files\MiKTeX\tex/latex/base\article.cls
Document Class: article 2020/04/10 v1.4m Standard LaTeX document class
(C:\Program Files\MiKTeX\tex/latex/base\size10.clo
File: size10.clo 2020/04/10 v1.4m Standard LaTeX file (size option)
)
\c@part=\count179
\c@section=\count180
\c@subsection=\count181
\c@subsubsection=\count182
\c@paragraph=\count183
\c@subparagraph=\count184
\c@figure=\count185
\c@table=\count186
\abovecaptionskip=\skip47
\belowcaptionskip=\skip48
\bibindent=\dimen138
) (../../../mypackages.sty
(C:\Users\ericx\AppData\Roaming\MiKTeX\tex/latex/geometry\geometry.sty
Package: geometry 2020/01/02 v5.9 Page Geometry

(C:\Program Files\MiKTeX\tex/latex/graphics\keyval.sty
Package: keyval 2014/10/28 v1.15 key=value parser (DPC)
\KV@toks@=\toks15
)
(C:\Program Files\MiKTeX\tex/generic/iftex\ifvtex.sty
Package: ifvtex 2019/10/25 v1.7 ifvtex legacy package. Use iftex instead.

(C:\Program Files\MiKTeX\tex/generic/iftex\iftex.sty
Package: iftex 2020/03/06 v1.0d TeX engine tests
))
\Gm@cnth=\count187
\Gm@cntv=\count188
\c@Gm@tempcnt=\count189
\Gm@bindingoffset=\dimen139
\Gm@wd@mp=\dimen140
\Gm@odd@mp=\dimen141
\Gm@even@mp=\dimen142
\Gm@layoutwidth=\dimen143
\Gm@layoutheight=\dimen144
\Gm@layouthoffset=\dimen145
\Gm@layoutvoffset=\dimen146
\Gm@dimlist=\toks16

(C:\Users\ericx\AppData\Roaming\MiKTeX\tex/latex/geometry\geometry.cfg)

C:\Users\ericx\AppData\Roaming\MiKTeX\tex/latex/geometry\geometry.sty:1005: Pac
kage keyval Error: portrati undefined.

See the keyval package documentation for explanation.
Type  H <return>  for immediate help.
 ...                                              
                                                  
l.1005 \ProcessOptionsKV[p]{Gm}
                               %
Try typing  <return>  to proceed.
If that doesn't work, type  X <return>  to quit.

) (C:\Program Files\MiKTeX\tex/latex/amsmath\amsmath.sty
Package: amsmath 2020/09/23 v2.17i AMS math features
\@mathmargin=\skip49

For additional information on amsmath, use the `?' option.
(C:\Program Files\MiKTeX\tex/latex/amsmath\amstext.sty
Package: amstext 2000/06/29 v2.01 AMS text

(C:\Program Files\MiKTeX\tex/latex/amsmath\amsgen.sty
File: amsgen.sty 1999/11/30 v2.0 generic functions
\@emptytoks=\toks17
\ex@=\dimen147
))
(C:\Program Files\MiKTeX\tex/latex/amsmath\amsbsy.sty
Package: amsbsy 1999/11/29 v1.2d Bold Symbols
\pmbraise@=\dimen148
)
(C:\Program Files\MiKTeX\tex/latex/amsmath\amsopn.sty
Package: amsopn 2016/03/08 v2.02 operator names
)
\inf@bad=\count190
LaTeX Info: Redefining \frac on input line 234.
\uproot@=\count191
\leftroot@=\count192
LaTeX Info: Redefining \overline on input line 399.
\classnum@=\count193
\DOTSCASE@=\count194
LaTeX Info: Redefining \ldots on input line 496.
LaTeX Info: Redefining \dots on input line 499.
LaTeX Info: Redefining \cdots on input line 620.
\Mathstrutbox@=\box47
\strutbox@=\box48
\big@size=\dimen149
LaTeX Font Info:    Redeclaring font encoding OML on input line 743.
LaTeX Font Info:    Redeclaring font encoding OMS on input line 744.
\macc@depth=\count195
\c@MaxMatrixCols=\count196
\dotsspace@=\muskip16
\c@parentequation=\count197
\dspbrk@lvl=\count198
\tag@help=\toks18
\row@=\count199
\column@=\count266
\maxfields@=\count267
\andhelp@=\toks19
\eqnshift@=\dimen150
\alignsep@=\dimen151
\tagshift@=\dimen152
\tagwidth@=\dimen153
\totwidth@=\dimen154
\lineht@=\dimen155
\@envbody=\toks20
\multlinegap=\skip50
\multlinetaggap=\skip51
\mathdisplay@stack=\toks21
LaTeX Info: Redefining \[ on input line 2923.
LaTeX Info: Redefining \] on input line 2924.
)
(C:\Users\ericx\AppData\Roaming\MiKTeX\tex/latex/fancyhdr\fancyhdr.sty
Package: fancyhdr 2019/01/31 v3.10 Extensive control of page headers and footer
s
\f@nch@headwidth=\skip52
\f@nch@O@elh=\skip53
\f@nch@O@erh=\skip54
\f@nch@O@olh=\skip55
\f@nch@O@orh=\skip56
\f@nch@O@elf=\skip57
\f@nch@O@erf=\skip58
\f@nch@O@olf=\skip59
\f@nch@O@orf=\skip60
)
(C:\Users\ericx\AppData\Roaming\MiKTeX\tex/latex/fancyhdr\extramarks.sty
Package: extramarks 2019/01/31 v3.10 Extra marks for LaTeX
\@temptokenb=\toks22
)
(C:\Users\ericx\AppData\Roaming\MiKTeX\tex/latex/latex-tools\bm.sty
Package: bm 2019/07/24 v1.2d Bold Symbol Support (DPC/FMi)
\symboldoperators=\mathgroup4
\symboldletters=\mathgroup5
\symboldsymbols=\mathgroup6
LaTeX Font Info:    Redeclaring math alphabet \mathbf on input line 141.
LaTeX Info: Redefining \bm on input line 209.
)
(C:\Program Files\MiKTeX\tex/latex/amsfonts\amssymb.sty
Package: amssymb 2013/01/14 v3.01 AMS font symbols

(C:\Program Files\MiKTeX\tex/latex/amsfonts\amsfonts.sty
Package: amsfonts 2013/01/14 v3.01 Basic AMSFonts support
\symAMSa=\mathgroup7
\symAMSb=\mathgroup8
LaTeX Font Info:    Redeclaring math symbol \hbar on input line 98.
LaTeX Font Info:    Overwriting math alphabet `\mathfrak' in version `bold'
(Font)                  U/euf/m/n --> U/euf/b/n on input line 106.
))
(C:\Users\ericx\AppData\Roaming\MiKTeX\tex/latex/was\gensymb.sty
Package: gensymb 2003/07/02 v1.0 (WaS)
)
(C:\Users\ericx\AppData\Roaming\MiKTeX\tex/latex/mathtools\mathtools.sty
Package: mathtools 2020/03/24 v1.24 mathematical typesetting tools

(C:\Users\ericx\AppData\Roaming\MiKTeX\tex/latex/latex-tools\calc.sty
Package: calc 2017/05/25 v4.3 Infix arithmetic (KKT,FJ)
\calc@Acount=\count268
\calc@Bcount=\count269
\calc@Adimen=\dimen156
\calc@Bdimen=\dimen157
\calc@Askip=\skip61
\calc@Bskip=\skip62
LaTeX Info: Redefining \setlength on input line 80.
LaTeX Info: Redefining \addtolength on input line 81.
\calc@Ccount=\count270
\calc@Cskip=\skip63
)
(C:\Users\ericx\AppData\Roaming\MiKTeX\tex/latex/mathtools\mhsetup.sty
Package: mhsetup 2017/03/31 v1.3 programming setup (MH)
)
LaTeX Info: Thecontrolsequence`\('isalreadyrobust on input line 130.
LaTeX Info: Thecontrolsequence`\)'isalreadyrobust on input line 130.
LaTeX Info: Thecontrolsequence`\['isalreadyrobust on input line 130.
LaTeX Info: Thecontrolsequence`\]'isalreadyrobust on input line 130.
\g_MT_multlinerow_int=\count271
\l_MT_multwidth_dim=\dimen158
\origjot=\skip64
\l_MT_shortvdotswithinadjustabove_dim=\dimen159
\l_MT_shortvdotswithinadjustbelow_dim=\dimen160
\l_MT_above_intertext_sep=\dimen161
\l_MT_below_intertext_sep=\dimen162
\l_MT_above_shortintertext_sep=\dimen163
\l_MT_below_shortintertext_sep=\dimen164
\xmathstrut@box=\box49
\xmathstrut@dim=\dimen165
)
(C:\Program Files\MiKTeX\tex/latex/xcolor\xcolor.sty
Package: xcolor 2016/05/11 v2.12 LaTeX color extensions (UK)

(C:\Program Files\MiKTeX\tex/latex/graphics-cfg\color.cfg
File: color.cfg 2016/01/02 v1.6 sample color configuration
)
Package xcolor Info: Driver file: pdftex.def on input line 225.

(C:\Program Files\MiKTeX\tex/latex/graphics-def\pdftex.def
File: pdftex.def 2020/10/05 v1.2a Graphics/color driver for pdftex
)
Package xcolor Info: Model `cmy' substituted by `cmy0' on input line 1348.
Package xcolor Info: Model `hsb' substituted by `rgb' on input line 1352.
Package xcolor Info: Model `RGB' extended on input line 1364.
Package xcolor Info: Model `HTML' substituted by `rgb' on input line 1366.
Package xcolor Info: Model `Hsb' substituted by `hsb' on input line 1367.
Package xcolor Info: Model `tHsb' substituted by `hsb' on input line 1368.
Package xcolor Info: Model `HSB' substituted by `hsb' on input line 1369.
Package xcolor Info: Model `Gray' substituted by `gray' on input line 1370.
Package xcolor Info: Model `wave' substituted by `hsb' on input line 1371.

(C:\Program Files\MiKTeX\tex/latex/graphics\dvipsnam.def
File: dvipsnam.def 2016/06/17 v3.0m Driver-dependent file (DPC,SPQR)
))
(C:\Users\ericx\AppData\Roaming\MiKTeX\tex/latex/caption\caption.sty
Package: caption 2020/10/26 v3.5g Customizing captions (AR)

(C:\Users\ericx\AppData\Roaming\MiKTeX\tex/latex/caption\caption3.sty
Package: caption3 2020/10/21 v2.2e caption3 kernel (AR)
\captionmargin=\dimen166
\captionmargin@=\dimen167
\captionwidth=\dimen168
\caption@tempdima=\dimen169
\caption@indent=\dimen170
\caption@parindent=\dimen171
\caption@hangindent=\dimen172
Package caption Info: Standard document class detected.
)
\c@caption@flags=\count272
\c@continuedfloat=\count273
)
(C:\Users\ericx\AppData\Roaming\MiKTeX\tex/latex/caption\subcaption.sty
Package: subcaption 2020/10/07 v1.3j Sub-captions (AR)
\c@subfigure=\count274
\c@subtable=\count275
)
(C:\Program Files\MiKTeX\tex/latex/pgfplots\pgfplots.sty
(C:\Program Files\MiKTeX\tex/generic/pgfplots\pgfplots.revision.tex)
Package: pgfplots 2020/02/29 v1.17 Data Visualization (1.17)

(C:\Program Files\MiKTeX\tex/latex/graphics\graphicx.sty
Package: graphicx 2020/09/09 v1.2b Enhanced LaTeX Graphics (DPC,SPQR)

(C:\Program Files\MiKTeX\tex/latex/graphics\graphics.sty
Package: graphics 2020/08/30 v1.4c Standard LaTeX Graphics (DPC,SPQR)

(C:\Program Files\MiKTeX\tex/latex/graphics\trig.sty
Package: trig 2016/01/03 v1.10 sin cos tan (DPC)
)
(C:\Program Files\MiKTeX\tex/latex/graphics-cfg\graphics.cfg
File: graphics.cfg 2016/06/04 v1.11 sample graphics configuration
)
Package graphics Info: Driver file: pdftex.def on input line 105.
)
\Gin@req@height=\dimen173
\Gin@req@width=\dimen174
)
(C:\Program Files\MiKTeX\tex/latex/pgf/frontendlayer\tikz.sty
(C:\Program Files\MiKTeX\tex/latex/pgf/basiclayer\pgf.sty
(C:\Program Files\MiKTeX\tex/latex/pgf/utilities\pgfrcs.sty
(C:\Program Files\MiKTeX\tex/generic/pgf/utilities\pgfutil-common.tex
\pgfutil@everybye=\toks23
\pgfutil@tempdima=\dimen175
\pgfutil@tempdimb=\dimen176

(C:\Program Files\MiKTeX\tex/generic/pgf/utilities\pgfutil-common-lists.tex))
(C:\Program Files\MiKTeX\tex/generic/pgf/utilities\pgfutil-latex.def
\pgfutil@abb=\box50
)
(C:\Program Files\MiKTeX\tex/generic/pgf/utilities\pgfrcs.code.tex
(C:\Program Files\MiKTeX\tex/generic/pgf\pgf.revision.tex)
Package: pgfrcs 2020/12/27 v3.1.8b (3.1.8b)
))
Package: pgf 2020/12/27 v3.1.8b (3.1.8b)

(C:\Program Files\MiKTeX\tex/latex/pgf/basiclayer\pgfcore.sty
(C:\Program Files\MiKTeX\tex/latex/pgf/systemlayer\pgfsys.sty
(C:\Program Files\MiKTeX\tex/generic/pgf/systemlayer\pgfsys.code.tex
Package: pgfsys 2020/12/27 v3.1.8b (3.1.8b)

(C:\Program Files\MiKTeX\tex/generic/pgf/utilities\pgfkeys.code.tex
\pgfkeys@pathtoks=\toks24
\pgfkeys@temptoks=\toks25

(C:\Program Files\MiKTeX\tex/generic/pgf/utilities\pgfkeysfiltered.code.tex
\pgfkeys@tmptoks=\toks26
))
\pgf@x=\dimen177
\pgf@y=\dimen178
\pgf@xa=\dimen179
\pgf@ya=\dimen180
\pgf@xb=\dimen181
\pgf@yb=\dimen182
\pgf@xc=\dimen183
\pgf@yc=\dimen184
\pgf@xd=\dimen185
\pgf@yd=\dimen186
\w@pgf@writea=\write3
\r@pgf@reada=\read2
\c@pgf@counta=\count276
\c@pgf@countb=\count277
\c@pgf@countc=\count278
\c@pgf@countd=\count279
\t@pgf@toka=\toks27
\t@pgf@tokb=\toks28
\t@pgf@tokc=\toks29
\pgf@sys@id@count=\count280

(C:\Program Files\MiKTeX\tex/generic/pgf/systemlayer\pgf.cfg
File: pgf.cfg 2020/12/27 v3.1.8b (3.1.8b)
)
Driver file for pgf: pgfsys-pdftex.def

(C:\Program Files\MiKTeX\tex/generic/pgf/systemlayer\pgfsys-pdftex.def
File: pgfsys-pdftex.def 2020/12/27 v3.1.8b (3.1.8b)

(C:\Program Files\MiKTeX\tex/generic/pgf/systemlayer\pgfsys-common-pdf.def
File: pgfsys-common-pdf.def 2020/12/27 v3.1.8b (3.1.8b)
)))
(C:\Program Files\MiKTeX\tex/generic/pgf/systemlayer\pgfsyssoftpath.code.tex
File: pgfsyssoftpath.code.tex 2020/12/27 v3.1.8b (3.1.8b)
\pgfsyssoftpath@smallbuffer@items=\count281
\pgfsyssoftpath@bigbuffer@items=\count282
)
(C:\Program Files\MiKTeX\tex/generic/pgf/systemlayer\pgfsysprotocol.code.tex
File: pgfsysprotocol.code.tex 2020/12/27 v3.1.8b (3.1.8b)
))
(C:\Program Files\MiKTeX\tex/generic/pgf/basiclayer\pgfcore.code.tex
Package: pgfcore 2020/12/27 v3.1.8b (3.1.8b)

(C:\Program Files\MiKTeX\tex/generic/pgf/math\pgfmath.code.tex
(C:\Program Files\MiKTeX\tex/generic/pgf/math\pgfmathcalc.code.tex
(C:\Program Files\MiKTeX\tex/generic/pgf/math\pgfmathutil.code.tex)
(C:\Program Files\MiKTeX\tex/generic/pgf/math\pgfmathparser.code.tex
\pgfmath@dimen=\dimen187
\pgfmath@count=\count283
\pgfmath@box=\box51
\pgfmath@toks=\toks30
\pgfmath@stack@operand=\toks31
\pgfmath@stack@operation=\toks32
)
(C:\Program Files\MiKTeX\tex/generic/pgf/math\pgfmathfunctions.code.tex
(C:\Program Files\MiKTeX\tex/generic/pgf/math\pgfmathfunctions.basic.code.tex)
(C:\Program Files\MiKTeX\tex/generic/pgf/math\pgfmathfunctions.trigonometric.co
de.tex)
(C:\Program Files\MiKTeX\tex/generic/pgf/math\pgfmathfunctions.random.code.tex)

(C:\Program Files\MiKTeX\tex/generic/pgf/math\pgfmathfunctions.comparison.code.
tex)
(C:\Program Files\MiKTeX\tex/generic/pgf/math\pgfmathfunctions.base.code.tex)
(C:\Program Files\MiKTeX\tex/generic/pgf/math\pgfmathfunctions.round.code.tex)
(C:\Program Files\MiKTeX\tex/generic/pgf/math\pgfmathfunctions.misc.code.tex)
(C:\Program Files\MiKTeX\tex/generic/pgf/math\pgfmathfunctions.integerarithmeti
cs.code.tex)))
(C:\Program Files\MiKTeX\tex/generic/pgf/math\pgfmathfloat.code.tex
\c@pgfmathroundto@lastzeros=\count284
))
(C:\Program Files\MiKTeX\tex/generic/pgf/math\pgfint.code.tex)
(C:\Program Files\MiKTeX\tex/generic/pgf/basiclayer\pgfcorepoints.code.tex
File: pgfcorepoints.code.tex 2020/12/27 v3.1.8b (3.1.8b)
\pgf@picminx=\dimen188
\pgf@picmaxx=\dimen189
\pgf@picminy=\dimen190
\pgf@picmaxy=\dimen191
\pgf@pathminx=\dimen192
\pgf@pathmaxx=\dimen193
\pgf@pathminy=\dimen194
\pgf@pathmaxy=\dimen195
\pgf@xx=\dimen196
\pgf@xy=\dimen197
\pgf@yx=\dimen198
\pgf@yy=\dimen199
\pgf@zx=\dimen256
\pgf@zy=\dimen257
)
(C:\Program Files\MiKTeX\tex/generic/pgf/basiclayer\pgfcorepathconstruct.code.t
ex
File: pgfcorepathconstruct.code.tex 2020/12/27 v3.1.8b (3.1.8b)
\pgf@path@lastx=\dimen258
\pgf@path@lasty=\dimen259
)
(C:\Program Files\MiKTeX\tex/generic/pgf/basiclayer\pgfcorepathusage.code.tex
File: pgfcorepathusage.code.tex 2020/12/27 v3.1.8b (3.1.8b)
\pgf@shorten@end@additional=\dimen260
\pgf@shorten@start@additional=\dimen261
)
(C:\Program Files\MiKTeX\tex/generic/pgf/basiclayer\pgfcorescopes.code.tex
File: pgfcorescopes.code.tex 2020/12/27 v3.1.8b (3.1.8b)
\pgfpic=\box52
\pgf@hbox=\box53
\pgf@layerbox@main=\box54
\pgf@picture@serial@count=\count285
)
(C:\Program Files\MiKTeX\tex/generic/pgf/basiclayer\pgfcoregraphicstate.code.te
x
File: pgfcoregraphicstate.code.tex 2020/12/27 v3.1.8b (3.1.8b)
\pgflinewidth=\dimen262
)
(C:\Program Files\MiKTeX\tex/generic/pgf/basiclayer\pgfcoretransformations.code
.tex
File: pgfcoretransformations.code.tex 2020/12/27 v3.1.8b (3.1.8b)
\pgf@pt@x=\dimen263
\pgf@pt@y=\dimen264
\pgf@pt@temp=\dimen265
) (C:\Program Files\MiKTeX\tex/generic/pgf/basiclayer\pgfcorequick.code.tex
File: pgfcorequick.code.tex 2020/12/27 v3.1.8b (3.1.8b)
) (C:\Program Files\MiKTeX\tex/generic/pgf/basiclayer\pgfcoreobjects.code.tex
File: pgfcoreobjects.code.tex 2020/12/27 v3.1.8b (3.1.8b)
)
(C:\Program Files\MiKTeX\tex/generic/pgf/basiclayer\pgfcorepathprocessing.code.
tex
File: pgfcorepathprocessing.code.tex 2020/12/27 v3.1.8b (3.1.8b)
) (C:\Program Files\MiKTeX\tex/generic/pgf/basiclayer\pgfcorearrows.code.tex
File: pgfcorearrows.code.tex 2020/12/27 v3.1.8b (3.1.8b)
\pgfarrowsep=\dimen266
) (C:\Program Files\MiKTeX\tex/generic/pgf/basiclayer\pgfcoreshade.code.tex
File: pgfcoreshade.code.tex 2020/12/27 v3.1.8b (3.1.8b)
\pgf@max=\dimen267
\pgf@sys@shading@range@num=\count286
\pgf@shadingcount=\count287
)
(C:\Program Files\MiKTeX\tex/generic/pgf/basiclayer\pgfcoreimage.code.tex
File: pgfcoreimage.code.tex 2020/12/27 v3.1.8b (3.1.8b)

(C:\Program Files\MiKTeX\tex/generic/pgf/basiclayer\pgfcoreexternal.code.tex
File: pgfcoreexternal.code.tex 2020/12/27 v3.1.8b (3.1.8b)
\pgfexternal@startupbox=\box55
))
(C:\Program Files\MiKTeX\tex/generic/pgf/basiclayer\pgfcorelayers.code.tex
File: pgfcorelayers.code.tex 2020/12/27 v3.1.8b (3.1.8b)
)
(C:\Program Files\MiKTeX\tex/generic/pgf/basiclayer\pgfcoretransparency.code.te
x
File: pgfcoretransparency.code.tex 2020/12/27 v3.1.8b (3.1.8b)
) (C:\Program Files\MiKTeX\tex/generic/pgf/basiclayer\pgfcorepatterns.code.tex
File: pgfcorepatterns.code.tex 2020/12/27 v3.1.8b (3.1.8b)
) (C:\Program Files\MiKTeX\tex/generic/pgf/basiclayer\pgfcorerdf.code.tex
File: pgfcorerdf.code.tex 2020/12/27 v3.1.8b (3.1.8b)
)))
(C:\Program Files\MiKTeX\tex/generic/pgf/modules\pgfmoduleshapes.code.tex
File: pgfmoduleshapes.code.tex 2020/12/27 v3.1.8b (3.1.8b)
\pgfnodeparttextbox=\box56
)
(C:\Program Files\MiKTeX\tex/generic/pgf/modules\pgfmoduleplot.code.tex
File: pgfmoduleplot.code.tex 2020/12/27 v3.1.8b (3.1.8b)
)
(C:\Program Files\MiKTeX\tex/latex/pgf/compatibility\pgfcomp-version-0-65.sty
Package: pgfcomp-version-0-65 2020/12/27 v3.1.8b (3.1.8b)
\pgf@nodesepstart=\dimen268
\pgf@nodesepend=\dimen269
)
(C:\Program Files\MiKTeX\tex/latex/pgf/compatibility\pgfcomp-version-1-18.sty
Package: pgfcomp-version-1-18 2020/12/27 v3.1.8b (3.1.8b)
)) (C:\Program Files\MiKTeX\tex/latex/pgf/utilities\pgffor.sty
(C:\Program Files\MiKTeX\tex/latex/pgf/utilities\pgfkeys.sty
(C:\Program Files\MiKTeX\tex/generic/pgf/utilities\pgfkeys.code.tex))
(C:\Program Files\MiKTeX\tex/latex/pgf/math\pgfmath.sty
(C:\Program Files\MiKTeX\tex/generic/pgf/math\pgfmath.code.tex))
(C:\Program Files\MiKTeX\tex/generic/pgf/utilities\pgffor.code.tex
Package: pgffor 2020/12/27 v3.1.8b (3.1.8b)

(C:\Program Files\MiKTeX\tex/generic/pgf/math\pgfmath.code.tex)
\pgffor@iter=\dimen270
\pgffor@skip=\dimen271
\pgffor@stack=\toks33
\pgffor@toks=\toks34
))
(C:\Program Files\MiKTeX\tex/generic/pgf/frontendlayer/tikz\tikz.code.tex
Package: tikz 2020/12/27 v3.1.8b (3.1.8b)

(C:\Program Files\MiKTeX\tex/generic/pgf/libraries\pgflibraryplothandlers.code.
tex
File: pgflibraryplothandlers.code.tex 2020/12/27 v3.1.8b (3.1.8b)
\pgf@plot@mark@count=\count288
\pgfplotmarksize=\dimen272
)
\tikz@lastx=\dimen273
\tikz@lasty=\dimen274
\tikz@lastxsaved=\dimen275
\tikz@lastysaved=\dimen276
\tikz@lastmovetox=\dimen277
\tikz@lastmovetoy=\dimen278
\tikzleveldistance=\dimen279
\tikzsiblingdistance=\dimen280
\tikz@figbox=\box57
\tikz@figbox@bg=\box58
\tikz@tempbox=\box59
\tikz@tempbox@bg=\box60
\tikztreelevel=\count289
\tikznumberofchildren=\count290
\tikznumberofcurrentchild=\count291
\tikz@fig@count=\count292
 (C:\Program Files\MiKTeX\tex/generic/pgf/modules\pgfmodulematrix.code.tex
File: pgfmodulematrix.code.tex 2020/12/27 v3.1.8b (3.1.8b)
\pgfmatrixcurrentrow=\count293
\pgfmatrixcurrentcolumn=\count294
\pgf@matrix@numberofcolumns=\count295
)
\tikz@expandcount=\count296

(C:\Program Files\MiKTeX\tex/generic/pgf/frontendlayer/tikz/libraries\tikzlibra
rytopaths.code.tex
File: tikzlibrarytopaths.code.tex 2020/12/27 v3.1.8b (3.1.8b)
)))
(C:\Program Files\MiKTeX\tex/generic/pgfplots\pgfplots.code.tex
(C:\Program Files\MiKTeX\tex/generic/pgfplots\pgfplotscore.code.tex
\t@pgfplots@toka=\toks35
\t@pgfplots@tokb=\toks36
\t@pgfplots@tokc=\toks37
\pgfplots@tmpa=\dimen281
\c@pgfplots@coordindex=\count297
\c@pgfplots@scanlineindex=\count298

(C:\Program Files\MiKTeX\tex/generic/pgfplots/sys\pgfplotssysgeneric.code.tex))
(C:\Program Files\MiKTeX\tex/generic/pgfplots/libs\pgfplotslibrary.code.tex)
(C:\Program Files\MiKTeX\tex/generic/pgfplots/oldpgfcompatib\pgfplotsoldpgfsupp
_loader.code.tex
(C:\Program Files\MiKTeX\tex/generic/pgf/libraries\pgflibraryfpu.code.tex))
(C:\Program Files\MiKTeX\tex/generic/pgfplots/util\pgfplotsutil.code.tex
(C:\Program Files\MiKTeX\tex/generic/pgfplots/liststructure\pgfplotsliststructu
re.code.tex)
(C:\Program Files\MiKTeX\tex/generic/pgfplots/liststructure\pgfplotsliststructu
reext.code.tex)
(C:\Program Files\MiKTeX\tex/generic/pgfplots/liststructure\pgfplotsarray.code.
tex
\c@pgfplotsarray@tmp=\count299
)
(C:\Program Files\MiKTeX\tex/generic/pgfplots/liststructure\pgfplotsmatrix.code
.tex)
(C:\Program Files\MiKTeX\tex/generic/pgfplots/numtable\pgfplotstableshared.code
.tex
\c@pgfplotstable@counta=\count300
\t@pgfplotstable@a=\toks38
)
(C:\Program Files\MiKTeX\tex/generic/pgfplots/liststructure\pgfplotsdeque.code.
tex) (C:\Program Files\MiKTeX\tex/generic/pgfplots/util\pgfplotsbinary.code.tex

(C:\Program Files\MiKTeX\tex/generic/pgfplots/util\pgfplotsbinary.data.code.tex
))
(C:\Program Files\MiKTeX\tex/generic/pgfplots/util\pgfplotsutil.verb.code.tex)
(C:\Program Files\MiKTeX\tex/generic/pgfplots/libs\pgflibrarypgfplots.surfshadi
ng.code.tex
\c@pgfplotslibrarysurf@no=\count301

(C:\Program Files\MiKTeX\tex/generic/pgfplots/sys\pgflibrarypgfplots.surfshadin
g.pgfsys-pdftex.def)))
(C:\Program Files\MiKTeX\tex/generic/pgfplots/util\pgfplotscolormap.code.tex
(C:\Program Files\MiKTeX\tex/generic/pgfplots/util\pgfplotscolor.code.tex))
(C:\Program Files\MiKTeX\tex/generic/pgfplots\pgfplotsstackedplots.code.tex)
(C:\Program Files\MiKTeX\tex/generic/pgfplots\pgfplotsplothandlers.code.tex
(C:\Program Files\MiKTeX\tex/generic/pgfplots\pgfplotsmeshplothandler.code.tex
(C:\Program Files\MiKTeX\tex/generic/pgfplots\pgfplotsmeshplotimage.code.tex)))
(C:\Program Files\MiKTeX\tex/generic/pgfplots\pgfplots.scaling.code.tex)
(C:\Program Files\MiKTeX\tex/generic/pgfplots\pgfplotscoordprocessing.code.tex)
(C:\Program Files\MiKTeX\tex/generic/pgfplots\pgfplots.errorbars.code.tex)
(C:\Program Files\MiKTeX\tex/generic/pgfplots\pgfplots.markers.code.tex)
(C:\Program Files\MiKTeX\tex/generic/pgfplots\pgfplotsticks.code.tex)
(C:\Program Files\MiKTeX\tex/generic/pgfplots\pgfplots.paths.code.tex)
(C:\Program Files\MiKTeX\tex/generic/pgf/frontendlayer/tikz/libraries\tikzlibra
rydecorations.code.tex
(C:\Program Files\MiKTeX\tex/generic/pgf/modules\pgfmoduledecorations.code.tex
\pgfdecoratedcompleteddistance=\dimen282
\pgfdecoratedremainingdistance=\dimen283
\pgfdecoratedinputsegmentcompleteddistance=\dimen284
\pgfdecoratedinputsegmentremainingdistance=\dimen285
\pgf@decorate@distancetomove=\dimen286
\pgf@decorate@repeatstate=\count302
\pgfdecorationsegmentamplitude=\dimen287
\pgfdecorationsegmentlength=\dimen288
)
\tikz@lib@dec@box=\box61
)
(C:\Program Files\MiKTeX\tex/generic/pgf/frontendlayer/tikz/libraries\tikzlibra
rydecorations.pathmorphing.code.tex
(C:\Program Files\MiKTeX\tex/generic/pgf/libraries/decorations\pgflibrarydecora
tions.pathmorphing.code.tex))
(C:\Program Files\MiKTeX\tex/generic/pgf/frontendlayer/tikz/libraries\tikzlibra
rydecorations.pathreplacing.code.tex
(C:\Program Files\MiKTeX\tex/generic/pgf/libraries/decorations\pgflibrarydecora
tions.pathreplacing.code.tex))
\pgfplots@numplots=\count303
\pgfplots@xmin@reg=\dimen289
\pgfplots@xmax@reg=\dimen290
\pgfplots@ymin@reg=\dimen291
\pgfplots@ymax@reg=\dimen292
\pgfplots@zmin@reg=\dimen293
\pgfplots@zmax@reg=\dimen294
)
(C:\Program Files\MiKTeX\tex/generic/pgf/frontendlayer/tikz/libraries\tikzlibra
ryplotmarks.code.tex
File: tikzlibraryplotmarks.code.tex 2020/12/27 v3.1.8b (3.1.8b)

(C:\Program Files\MiKTeX\tex/generic/pgf/libraries\pgflibraryplotmarks.code.tex
File: pgflibraryplotmarks.code.tex 2020/12/27 v3.1.8b (3.1.8b)
)))
(C:\Program Files\MiKTeX\tex/generic/pgfplots/libs\tikzlibrarypgfplots.fillbetw
een.code.tex
(C:\Program Files\MiKTeX\tex/generic/pgfplots/pgfcontrib\tikzlibraryfillbetween
.code.tex
(C:\Program Files\MiKTeX\tex/generic/pgf/frontendlayer/tikz/libraries\tikzlibra
ryintersections.code.tex
(C:\Program Files\MiKTeX\tex/generic/pgf/libraries\pgflibraryintersections.code
.tex
\pgf@intersect@solutions=\count304
))
(C:\Program Files\MiKTeX\tex/generic/pgfplots/pgfcontrib\tikzlibrarydecorations
.softclip.code.tex
(C:\Program Files\MiKTeX\tex/generic/pgfplots/pgfcontrib\pgflibraryfillbetween.
code.tex)))
(C:\Program Files\MiKTeX\tex/generic/pgfplots/libs\tikzlibrarypgfplots.decorati
ons.softclip.code.tex))
(C:\Program Files\MiKTeX\tex/generic/pgf/frontendlayer/tikz/libraries\tikzlibra
ryautomata.code.tex
File: tikzlibraryautomata.code.tex 2020/12/27 v3.1.8b (3.1.8b)

(C:\Program Files\MiKTeX\tex/generic/pgf/frontendlayer/tikz/libraries\tikzlibra
ryshapes.multipart.code.tex
File: tikzlibraryshapes.multipart.code.tex 2020/12/27 v3.1.8b (3.1.8b)

(C:\Program Files\MiKTeX\tex/generic/pgf/libraries/shapes\pgflibraryshapes.mult
ipart.code.tex
File: pgflibraryshapes.multipart.code.tex 2020/12/27 v3.1.8b (3.1.8b)
\pgfnodepartlowerbox=\box62
\pgfnodeparttwobox=\box63
\pgfnodepartthreebox=\box64
\pgfnodepartfourbox=\box65
\pgfnodeparttwentybox=\box66
\pgfnodepartnineteenbox=\box67
\pgfnodeparteighteenbox=\box68
\pgfnodepartseventeenbox=\box69
\pgfnodepartsixteenbox=\box70
\pgfnodepartfifteenbox=\box71
\pgfnodepartfourteenbox=\box72
\pgfnodepartthirteenbox=\box73
\pgfnodeparttwelvebox=\box74
\pgfnodepartelevenbox=\box75
\pgfnodeparttenbox=\box76
\pgfnodepartninebox=\box77
\pgfnodeparteightbox=\box78
\pgfnodepartsevenbox=\box79
\pgfnodepartsixbox=\box80
\pgfnodepartfivebox=\box81
)))
(C:\Program Files\MiKTeX\tex/generic/pgf/frontendlayer/tikz/libraries\tikzlibra
rypositioning.code.tex
File: tikzlibrarypositioning.code.tex 2020/12/27 v3.1.8b (3.1.8b)
)
(C:\Users\ericx\AppData\Roaming\MiKTeX\tex/latex/tkz-euclide\tkz-euclide.sty
2020/03/18 3.06c tkz-euclide.sty
Package: tkz-euclide 2020/03/18 3.06c for euclidan geometry 
(C:\Users\ericx\AppData\Roaming\MiKTeX\tex/latex/tkz-base\tkz-base.sty
2020/03/18 3.06c tkz-base.sty
Package: tkz-base 2020/03/18 3.06c tkz-base

(C:\Program Files\MiKTeX\tex/generic/pgf/frontendlayer/tikz/libraries\tikzlibra
ryangles.code.tex
File: tikzlibraryangles.code.tex 2020/12/27 v3.1.8b (3.1.8b)
)
(C:\Program Files\MiKTeX\tex/generic/pgf/frontendlayer/tikz/libraries\tikzlibra
ryarrows.code.tex
File: tikzlibraryarrows.code.tex 2020/12/27 v3.1.8b (3.1.8b)

(C:\Program Files\MiKTeX\tex/generic/pgf/libraries\pgflibraryarrows.code.tex
File: pgflibraryarrows.code.tex 2020/12/27 v3.1.8b (3.1.8b)
\arrowsize=\dimen295
))
(C:\Program Files\MiKTeX\tex/generic/pgf/libraries\pgflibraryarrows.meta.code.t
ex
File: pgflibraryarrows.meta.code.tex 2020/12/27 v3.1.8b (3.1.8b)
\pgfarrowinset=\dimen296
\pgfarrowlength=\dimen297
\pgfarrowwidth=\dimen298
\pgfarrowlinewidth=\dimen299
)
(C:\Program Files\MiKTeX\tex/generic/pgf/frontendlayer/tikz/libraries\tikzlibra
rybabel.code.tex
File: tikzlibrarybabel.code.tex 2020/12/27 v3.1.8b (3.1.8b)
)
(C:\Program Files\MiKTeX\tex/generic/pgf/frontendlayer/tikz/libraries\tikzlibra
rycalc.code.tex
File: tikzlibrarycalc.code.tex 2020/12/27 v3.1.8b (3.1.8b)
)
(C:\Program Files\MiKTeX\tex/generic/pgf/frontendlayer/tikz/libraries\tikzlibra
rydecorations.markings.code.tex
(C:\Program Files\MiKTeX\tex/generic/pgf/libraries/decorations\pgflibrarydecora
tions.markings.code.tex))
(C:\Program Files\MiKTeX\tex/generic/pgf/frontendlayer/tikz/libraries\tikzlibra
rydecorations.shapes.code.tex
(C:\Program Files\MiKTeX\tex/generic/pgf/libraries/decorations\pgflibrarydecora
tions.shapes.code.tex))
(C:\Program Files\MiKTeX\tex/generic/pgf/frontendlayer/tikz/libraries\tikzlibra
rydecorations.text.code.tex
(C:\Program Files\MiKTeX\tex/generic/pgf/libraries/decorations\pgflibrarydecora
tions.text.code.tex
\pgf@lib@dec@text@box=\box82
)
\tikz@lib@dec@te@box=\box83
)
(C:\Program Files\MiKTeX\tex/generic/pgf/frontendlayer/tikz/libraries\tikzlibra
rypatterns.code.tex
File: tikzlibrarypatterns.code.tex 2020/12/27 v3.1.8b (3.1.8b)

(C:\Program Files\MiKTeX\tex/generic/pgf/libraries\pgflibrarypatterns.code.tex
File: pgflibrarypatterns.code.tex 2020/12/27 v3.1.8b (3.1.8b)
))
(C:\Program Files\MiKTeX\tex/generic/pgf/frontendlayer/tikz/libraries\tikzlibra
ryquotes.code.tex
File: tikzlibraryquotes.code.tex 2020/12/27 v3.1.8b (3.1.8b)
)
(C:\Program Files\MiKTeX\tex/generic/pgf/frontendlayer/tikz/libraries\tikzlibra
ryshadows.code.tex
File: tikzlibraryshadows.code.tex 2020/12/27 v3.1.8b (3.1.8b)

(C:\Program Files\MiKTeX\tex/generic/pgf/frontendlayer/tikz/libraries\tikzlibra
ryfadings.code.tex
File: tikzlibraryfadings.code.tex 2020/12/27 v3.1.8b (3.1.8b)

(C:\Program Files\MiKTeX\tex/generic/pgf/libraries\pgflibraryfadings.code.tex
File: pgflibraryfadings.code.tex 2020/12/27 v3.1.8b (3.1.8b)
)))
(C:\Program Files\MiKTeX\tex/generic/pgf/frontendlayer/tikz/libraries\tikzlibra
ryshapes.misc.code.tex
File: tikzlibraryshapes.misc.code.tex 2020/12/27 v3.1.8b (3.1.8b)

(C:\Program Files\MiKTeX\tex/generic/pgf/libraries/shapes\pgflibraryshapes.misc
.code.tex
File: pgflibraryshapes.misc.code.tex 2020/12/27 v3.1.8b (3.1.8b)
))
(C:\Program Files\MiKTeX\tex/generic/pgf/frontendlayer/tikz/libraries\tikzlibra
rythrough.code.tex
File: tikzlibrarythrough.code.tex 2020/12/27 v3.1.8b (3.1.8b)
)
(C:\Users\ericx\AppData\Roaming\MiKTeX\tex/latex/numprint\numprint.sty
Package: numprint 2012/08/20 v1.39 Print numbers (HH)

(C:\Users\ericx\AppData\Roaming\MiKTeX\tex/latex/latex-tools\array.sty
Package: array 2020/10/01 v2.5c Tabular extension package (FMi)
\col@sep=\dimen300
\ar@mcellbox=\box84
\extrarowheight=\dimen301
\NC@list=\toks39
\extratabsurround=\skip65
\backup@length=\skip66
\ar@cellbox=\box85
)
\c@nprt@mantissa@digitsbefore=\count305
\c@nprt@mantissa@digitsafter=\count306
\c@nprt@exponent@digitsbefore=\count307
\c@nprt@exponent@digitsafter=\count308
\nprt@digitwidth=\skip67
\nprt@sepwidth=\skip68
\nprt@decimalwidth=\skip69
\nprt@blockwidth=\skip70
\nprt@digittoks=\toks40
\nprt@pretoks=\toks41
\nprt@posttoks=\toks42
\nprt@thisdigit=\count309
\nprt@curpos=\count310
\nprt@rndpos=\count311
\c@nprt@digitsfirstblock=\count312
\c@nprt@blockcnt=\count313
\c@nprt@cntprint=\count314

No configuration file `numprint.cfg' found.)
(C:\Program Files\MiKTeX\tex/latex/l3packages/xfp\xfp.sty
(C:\Program Files\MiKTeX\tex/latex/l3kernel\expl3.sty
Package: expl3 2021-02-18 L3 programming layer (loader) 

(C:\Program Files\MiKTeX\tex/latex/l3backend\l3backend-pdftex.def
File: l3backend-pdftex.def 2021-03-02 L3 backend support: PDF output (pdfTeX)
\l__color_backend_stack_int=\count315
\l__pdf_internal_box=\box86
))
Package: xfp 2021-03-12 L3 Floating point unit

LaTeX3 Info: Defining command \fpeval with sig. 'm' on line 37.


LaTeX3 Info: Defining command \inteval with sig. 'm' on line 38.

)
(C:\Users\ericx\AppData\Roaming\MiKTeX\tex/latex/fp\fp.sty
Package: fp 1995/04/02

`Fixed Point Package', Version 0.8, April 2, 1995 (C) Michael Mehlich
(C:\Users\ericx\AppData\Roaming\MiKTeX\tex/latex/fp\defpattern.sty
Package: defpattern 1994/10/12
\actioncount=\count316
)
(C:\Users\ericx\AppData\Roaming\MiKTeX\tex/latex/fp\fp-basic.sty
Package: fp-basic 1996/05/13
\FP@xs=\count317
\FP@xia=\count318
\FP@xib=\count319
\FP@xfa=\count320
\FP@xfb=\count321
\FP@rega=\count322
\FP@regb=\count323
\FP@regs=\count324
\FP@times=\count325
)
(C:\Users\ericx\AppData\Roaming\MiKTeX\tex/latex/fp\fp-addons.sty
Package: fp-addons 1995/03/15
)
(C:\Users\ericx\AppData\Roaming\MiKTeX\tex/latex/fp\fp-snap.sty
Package: fp-snap 1995/04/05
)
(C:\Users\ericx\AppData\Roaming\MiKTeX\tex/latex/fp\fp-exp.sty
Package: fp-exp 1995/04/03
)
(C:\Users\ericx\AppData\Roaming\MiKTeX\tex/latex/fp\fp-trigo.sty
Package: fp-trigo 1995/04/14
)
(C:\Users\ericx\AppData\Roaming\MiKTeX\tex/latex/fp\fp-pas.sty
Package: fp-pas 1994/08/29
)
(C:\Users\ericx\AppData\Roaming\MiKTeX\tex/latex/fp\fp-random.sty
Package: fp-random 1995/02/23
\FPseed=\count326
)
(C:\Users\ericx\AppData\Roaming\MiKTeX\tex/latex/fp\fp-eqn.sty
Package: fp-eqn 1995/04/03
)
(C:\Users\ericx\AppData\Roaming\MiKTeX\tex/latex/fp\fp-upn.sty
Package: fp-upn 1996/10/21
)
(C:\Users\ericx\AppData\Roaming\MiKTeX\tex/latex/fp\fp-eval.sty
Package: fp-eval 1995/04/03
))
\tkzRadius=\dimen302
\tkzLength=\dimen303
\tkz@radi=\dimen304
\tkz@ax=\dimen305
\tkz@ay=\dimen306
\tkz@bx=\dimen307
\tkz@by=\dimen308
\tkz@cx=\dimen309
\tkz@cy=\dimen310
\tkz@dx=\dimen311
\tkz@dy=\dimen312
\tkz@tax=\dimen313
\tkz@tay=\dimen314
\tkz@tbx=\dimen315
\tkz@tby=\dimen316
\tkz@tcx=\dimen317
\tkz@tcy=\dimen318
\tkz@tdx=\dimen319
\tkz@tdy=\dimen320
\tkz@cntmk=\count327

Local configuration file tkz-base.cfg found and used
(C:\Users\ericx\AppData\Roaming\MiKTeX\tex/latex/tkz-base\tkz-base.cfg
2020/03/18 3.06c tkz-base.cfg
)
(C:\Users\ericx\AppData\Roaming\MiKTeX\tex/latex/tkz-base\tkz-tools-modules.tex
2020/03/18 3.06c tkz-tools-utilities.tex
) (C:\Users\ericx\AppData\Roaming\MiKTeX\tex/latex/tkz-base\tkz-lib-marks.tex
2020/03/18 3.06c tkz-lib-symbols.tex
) (C:\Users\ericx\AppData\Roaming\MiKTeX\tex/latex/tkz-base\tkz-tools-base.tex
2020/03/18 3.06c tkz-tools-base.tex
)
(C:\Users\ericx\AppData\Roaming\MiKTeX\tex/latex/tkz-base\tkz-tools-utilities.t
ex
2020/03/18 3.06c tkz-tools-utilities.tex
)
(C:\Users\ericx\AppData\Roaming\MiKTeX\tex/latex/tkz-euclide\tkz-tools-math.tex
2020/03/18 3.06c tkz-tools-math.tex
) (C:\Users\ericx\AppData\Roaming\MiKTeX\tex/latex/tkz-base\tkz-tools-text.tex
2020/03/18 3.06c tkz-tools-text.tex
) (C:\Users\ericx\AppData\Roaming\MiKTeX\tex/latex/tkz-base\tkz-tools-BB.tex
2020/03/18 3.06c tkz-obj-BB.tex
) (C:\Users\ericx\AppData\Roaming\MiKTeX\tex/latex/tkz-base\tkz-tools-arith.tex
2020/03/18 3.06c tkz-tools-arith.tex
File: tkz-tool-arith.tex tkz-tool-arith 3.02 c
) (C:\Users\ericx\AppData\Roaming\MiKTeX\tex/latex/tkz-base\tkz-tools-print.tex
2020/03/18 3.06c tkz-tools-print.tex
) (C:\Users\ericx\AppData\Roaming\MiKTeX\tex/latex/tkz-base\tkz-tools-misc.tex
2020/03/18 3.06c tkz-tools-misc.tex
) (C:\Users\ericx\AppData\Roaming\MiKTeX\tex/latex/tkz-base\tkz-obj-axes.tex
2020/03/18 3.06c tkz-obj-axes.tex
) (C:\Users\ericx\AppData\Roaming\MiKTeX\tex/latex/tkz-base\tkz-obj-grids.tex
2020/03/18 3.06c tkz-obj-grids.tex
) (C:\Users\ericx\AppData\Roaming\MiKTeX\tex/latex/tkz-base\tkz-obj-marks.tex
2020/03/18 3.07c tkz-obj-marks.tex
) (C:\Users\ericx\AppData\Roaming\MiKTeX\tex/latex/tkz-base\tkz-obj-points.tex
2020/03/18 3.06c tkz-obj-points.tex
) (C:\Users\ericx\AppData\Roaming\MiKTeX\tex/latex/tkz-base\tkz-obj-rep.tex
2020/03/18 3.06c tkz-obj-rep.tex
))
(C:\Users\ericx\AppData\Roaming\MiKTeX\tex/latex/tkz-euclide\tkz-tools-intersec
tions.tex
2020/03/18 3.06c tkz-tools-intersections.tex
)
(C:\Users\ericx\AppData\Roaming\MiKTeX\tex/latex/tkz-euclide\tkz-tools-angles.t
ex
2020/03/18 3.06c tkz-tools-angles.tex
)
(C:\Users\ericx\AppData\Roaming\MiKTeX\tex/latex/tkz-euclide\tkz-obj-eu-angles.
tex
2020/03/18 3.06c tkz-tool-eu-angles.tex
\tkz@arcsize=\dimen321
\tkz@fillsize=\dimen322
)
(C:\Users\ericx\AppData\Roaming\MiKTeX\tex/latex/tkz-euclide\tkz-obj-eu-arcs.te
x
2020/03/23 3.06c tkz-obj-eu-arcs.tex
)
(C:\Users\ericx\AppData\Roaming\MiKTeX\tex/latex/tkz-euclide\tkz-obj-eu-compass
.tex
2020/03/18 3.06c tkz-obj-eu-compass.tex
)
(C:\Users\ericx\AppData\Roaming\MiKTeX\tex/latex/tkz-euclide\tkz-obj-eu-circles
.tex
2020/03/18 3.06c tkz-obj-eu-circles.tex
)
(C:\Users\ericx\AppData\Roaming\MiKTeX\tex/latex/tkz-euclide\tkz-obj-eu-draw-ci
rcles.tex
2020/03/18 3.06c tkz-obj-eu-draw-circles.tex
)
(C:\Users\ericx\AppData\Roaming\MiKTeX\tex/latex/tkz-euclide\tkz-obj-eu-draw-li
nes.tex
2020/03/18 3.06c tkz-obj-eu-draw-lines.tex
)
(C:\Users\ericx\AppData\Roaming\MiKTeX\tex/latex/tkz-euclide\tkz-obj-eu-draw-po
lygons.tex
2020/03/18 3.06c tkz-obj-eu-polygons.tex
)
(C:\Users\ericx\AppData\Roaming\MiKTeX\tex/latex/tkz-euclide\tkz-obj-eu-draw-tr
iangles.tex)
(C:\Users\ericx\AppData\Roaming\MiKTeX\tex/latex/tkz-euclide\tkz-obj-eu-lines.t
ex
2020/03/18 3.06c tkz-obj-eu-lines.tex
)
(C:\Users\ericx\AppData\Roaming\MiKTeX\tex/latex/tkz-euclide\tkz-obj-eu-points.
tex
2020/03/18 3.06c tkz-obj-eu-points.tex
)
(C:\Users\ericx\AppData\Roaming\MiKTeX\tex/latex/tkz-euclide\tkz-obj-eu-points-
by.tex
2020/03/18 3.06c tkz-tools-eu-points-by.tex
)
(C:\Users\ericx\AppData\Roaming\MiKTeX\tex/latex/tkz-euclide\tkz-obj-eu-points-
rnd.tex
2020/03/18 3.06c tkz-obj-eu-points-rnd.tex
)
(C:\Users\ericx\AppData\Roaming\MiKTeX\tex/latex/tkz-euclide\tkz-obj-eu-points-
with.tex
2020/03/18 3.06c tkz-obj-eu-points-with.tex
)
(C:\Users\ericx\AppData\Roaming\MiKTeX\tex/latex/tkz-euclide\tkz-obj-eu-polygon
s.tex
2020/03/18 3.06c tkz-obj-eu-polygons.tex
)
(C:\Users\ericx\AppData\Roaming\MiKTeX\tex/latex/tkz-euclide\tkz-obj-eu-protrac
tor.tex
2020/03/18 3.06c tkz-obj-eu-protractor.tex
)
(C:\Users\ericx\AppData\Roaming\MiKTeX\tex/latex/tkz-euclide\tkz-obj-eu-sectors
.tex
2020/03/18 3.06c tkz-obj-eu-sectors.tex
)
(C:\Users\ericx\AppData\Roaming\MiKTeX\tex/latex/tkz-euclide\tkz-obj-eu-show.te
x
2020/03/18 3.06c tkz-obj-eu-show.tex
)
(C:\Users\ericx\AppData\Roaming\MiKTeX\tex/latex/tkz-euclide\tkz-obj-eu-triangl
es.tex
2020/03/18 3.06c tkz-obj-eu-triangles.tex
)) (C:\Users\ericx\AppData\Roaming\MiKTeX\tex/latex/amscls\amsthm.sty
Package: amsthm 2020/05/29 v2.20.6
\thm@style=\toks43
\thm@bodyfont=\toks44
\thm@headfont=\toks45
\thm@notefont=\toks46
\thm@headpunct=\toks47
\thm@preskip=\skip71
\thm@postskip=\skip72
\thm@headsep=\skip73
\dth@everypar=\toks48
)
(C:\Program Files\MiKTeX\tex/latex/tcolorbox\tcolorbox.sty
Package: tcolorbox 2020/10/09 version 4.42 text color boxes

(C:\Users\ericx\AppData\Roaming\MiKTeX\tex/latex/latex-tools\verbatim.sty
Package: verbatim 2020-07-07 v1.5u LaTeX2e package for verbatim enhancements
\every@verbatim=\toks49
\verbatim@line=\toks50
\verbatim@in@stream=\read3
)
(C:\Program Files\MiKTeX\tex/latex/environ\environ.sty
Package: environ 2014/05/04 v0.3 A new way to define environments

(C:\Program Files\MiKTeX\tex/latex/trimspaces\trimspaces.sty
Package: trimspaces 2009/09/17 v1.1 Trim spaces around a token list
))
(C:\Program Files\MiKTeX\tex/latex/etoolbox\etoolbox.sty
Package: etoolbox 2020/10/05 v2.5k e-TeX tools for LaTeX (JAW)
\etb@tempcnta=\count328
)
\tcb@titlebox=\box87
\tcb@upperbox=\box88
\tcb@lowerbox=\box89
\tcb@phantombox=\box90
\c@tcbbreakpart=\count329
\c@tcblayer=\count330
\c@tcolorbox@number=\count331
\tcb@temp=\box91
\tcb@temp=\box92
\tcb@temp=\box93
\tcb@temp=\box94
\tcb@out=\write4
\tcb@record@out=\write5
)
(C:\Program Files\MiKTeX\tex/latex/tcolorbox\tcbraster.code.tex
Library (tcolorbox): 'tcbraster.code.tex' version '4.42'
\c@tcbrastercolumn=\count332
\c@tcbrasterrow=\count333
\c@tcbraster=\count334
) (C:\Program Files\MiKTeX\tex/latex/tcolorbox\tcbskins.code.tex
Library (tcolorbox): 'tcbskins.code.tex' version '4.42'
\tcb@waterbox=\box95
(C:\Program Files\MiKTeX\tex/latex/tcolorbox\tcbskinsjigsaw.code.tex
Library (tcolorbox): 'tcbskinsjigsaw.code.tex' version '4.42'
)) (C:\Program Files\MiKTeX\tex/latex/tcolorbox\tcbbreakable.code.tex
Library (tcolorbox): 'tcbbreakable.code.tex' version '4.42'
(C:\Program Files\MiKTeX\tex/generic/oberdiek\pdfcol.sty
Package: pdfcol 2019/12/29 v1.6 Handle new color stacks for pdfTeX (HO)

(C:\Users\ericx\AppData\Roaming\MiKTeX\tex/generic/ltxcmds\ltxcmds.sty
Package: ltxcmds 2020-05-10 v1.25 LaTeX kernel commands for general use (HO)
)
(C:\Users\ericx\AppData\Roaming\MiKTeX\tex/generic/infwarerr\infwarerr.sty
Package: infwarerr 2019/12/03 v1.5 Providing info/warning/error messages (HO)
))
Package pdfcol Info: New color stack `tcb@breakable' = 1 on input line 23.
\tcb@testbox=\box96
\tcb@totalupperbox=\box97
\tcb@totallowerbox=\box98
)
(C:\Program Files\MiKTeX\tex/latex/tcolorbox\tcbhooks.code.tex
Library (tcolorbox): 'tcbhooks.code.tex' version '4.42'
) (C:\Program Files\MiKTeX\tex/latex/tcolorbox\tcbtheorems.code.tex
Library (tcolorbox): 'tcbtheorems.code.tex' version '4.42'
) (C:\Program Files\MiKTeX\tex/latex/tcolorbox\tcbfitting.code.tex
Library (tcolorbox): 'tcbfitting.code.tex' version '4.42'
\tcbfitdim=\dimen323
\tcb@lowerfitdim=\dimen324
\tcb@upperfitdim=\dimen325
\tcb@cur@hbadness=\count335
) (C:\Program Files\MiKTeX\tex/latex/tcolorbox\tcbxparse.code.tex
Library (tcolorbox): 'tcbxparse.code.tex' version '4.42'
(C:\Program Files\MiKTeX\tex/latex/l3packages/xparse\xparse.sty
(C:\Program Files\MiKTeX\tex/latex/l3packages/xparse\xparse-2020-10-01.sty
(C:\Program Files\MiKTeX\tex/latex/l3packages/xparse\xparse-generic.tex))))
(C:\Program Files\MiKTeX\tex/latex/tcolorbox\tcblistingsutf8.code.tex
Library (tcolorbox): 'tcblistingsutf8.code.tex' version '4.42'
(C:\Program Files\MiKTeX\tex/latex/tcolorbox\tcblistings.code.tex
Library (tcolorbox): 'tcblistings.code.tex' version '4.42'
(C:\Program Files\MiKTeX\tex/latex/listings\listings.sty
\lst@mode=\count336
\lst@gtempboxa=\box99
\lst@token=\toks51
\lst@length=\count337
\lst@currlwidth=\dimen326
\lst@column=\count338
\lst@pos=\count339
\lst@lostspace=\dimen327
\lst@width=\dimen328
\lst@newlines=\count340
\lst@lineno=\count341
\lst@maxwidth=\dimen329

(C:\Program Files\MiKTeX\tex/latex/listings\lstmisc.sty
File: lstmisc.sty 2020/03/24 1.8d (Carsten Heinz)
\c@lstnumber=\count342
\lst@skipnumbers=\count343
\lst@framebox=\box100
)
(C:\Program Files\MiKTeX\tex/latex/listings\listings.cfg
File: listings.cfg 2020/03/24 1.8d listings configuration
))
Package: listings 2020/03/24 1.8d (Carsten Heinz)

(C:\Program Files\MiKTeX\tex/latex/tcolorbox\tcblistingscore.code.tex
Library (tcolorbox): 'tcblistingscore.code.tex' version '4.42'
(C:\Program Files\MiKTeX\tex/latex/tcolorbox\tcbprocessing.code.tex
Library (tcolorbox): 'tcbprocessing.code.tex' version '4.42'
(C:\Program Files\MiKTeX\tex/generic/pdftexcmds\pdftexcmds.sty
Package: pdftexcmds 2020-06-27 v0.33 Utility functions of pdfTeX for LuaTeX (HO
)
Package pdftexcmds Info: \pdf@primitive is available.
Package pdftexcmds Info: \pdf@ifprimitive is available.
Package pdftexcmds Info: \pdfdraftmode found.
)
(C:\Users\ericx\AppData\Roaming\MiKTeX\tex/latex/latex-tools\shellesc.sty
Package: shellesc 2019/11/08 v1.0c unified shell escape interface for LaTeX
Package shellesc Info: Restricted shell escape enabled on input line 77.
))
\c@tcblisting=\count344
))
(C:\Users\ericx\AppData\Roaming\MiKTeX\tex/latex/listingsutf8\listingsutf8.sty
Package: listingsutf8 2019-12-10 v1.5 Allow UTF-8 in listings input (HO)

(C:\Users\ericx\AppData\Roaming\MiKTeX\tex/generic/stringenc\stringenc.sty
Package: stringenc 2019/11/29 v1.12 Convert strings between diff. encodings (HO
)

(C:\Users\ericx\AppData\Roaming\MiKTeX\tex/generic/pdfescape\pdfescape.sty
Package: pdfescape 2019/12/09 v1.15 Implements pdfTeX's escape features (HO)
))))
(C:\Program Files\MiKTeX\tex/latex/tcolorbox\tcbexternal.code.tex
Library (tcolorbox): 'tcbexternal.code.tex' version '4.42'
) (C:\Program Files\MiKTeX\tex/latex/tcolorbox\tcbmagazine.code.tex
Library (tcolorbox): 'tcbmagazine.code.tex' version '4.42'
) (C:\Program Files\MiKTeX\tex/latex/tcolorbox\tcbvignette.code.tex
Library (tcolorbox): 'tcbvignette.code.tex' version '4.42'
) (C:\Program Files\MiKTeX\tex/latex/tcolorbox\tcbposter.code.tex
Library (tcolorbox): 'tcbposter.code.tex' version '4.42'
) (C:\Users\ericx\AppData\Roaming\MiKTeX\tex/latex/ulem\ulem.sty
\UL@box=\box101
\UL@hyphenbox=\box102
\UL@skip=\skip74
\UL@hook=\toks52
\UL@height=\dimen330
\UL@pe=\count345
\UL@pixel=\dimen331
\ULC@box=\box103
Package: ulem 2019/11/18
\ULdepth=\dimen332
)
(C:\Users\ericx\AppData\Roaming\MiKTeX\tex/latex/cancel\cancel.sty
Package: cancel 2013/04/12 v2.2 Cancel math terms
))
(../../../mymacros.sty

../../../mymacros.sty:14: LaTeX Error: Command \QED undefined.

See the LaTeX manual or LaTeX Companion for explanation.
Type  H <return>  for immediate help.
 ...                                              
                                                  
l.14 \renewcommand{\QED}
                        {$\blacksquare$}
Try typing  <return>  to proceed.
If that doesn't work, type  X <return>  to quit.


../../../mymacros.sty:17: LaTeX Error: Command \mag already defined.
               Or name \end... illegal, see p.192 of the manual.

See the LaTeX manual or LaTeX Companion for explanation.
Type  H <return>  for immediate help.
 ...                                              
                                                  
l.17 ...mand{\mag}[1]{\left\lVert #1 \right\rVert}
                                                  
Your command was ignored.
Type  I <command> <return>  to replace it with another command,
or  <return>  to continue without it.

\tindent=\skip75
(C:\Program Files\MiKTeX\tex/latex/listings\lstlang1.sty
File: lstlang1.sty 2020/03/24 1.8d listings language file
)
../../../mymacros.sty:95: Missing number, treated as zero.
<to be read again> 
                   >
l.95 }
      
A number should have been here; I inserted `0'.
(If you can't figure out why I needed to see a number,
look up `weird error' in the index to The TeXbook.)


../../../mymacros.sty:95: Package Listings Error: Strict positive integer expec
ted.

See the Listings package documentation for explanation.
Type  H <return>  for immediate help.
 ...                                              
                                                  
l.95 }
      
You can't use `' as tabsize. Try typing  <return>  to proceed.
If that doesn't work, type  X <return>  to quit.

)
(C:/Users\ericx\OneDrive - UW\CS_Stuff\LaTeX_Projects\School\MATH308\out\MATH30
8_Notes.aux
(C:/Users\ericx\OneDrive - UW\CS_Stuff\LaTeX_Projects\School\MATH308\out\System
s_Of_Linear_Equations.aux)
(C:/Users\ericx\OneDrive - UW\CS_Stuff\LaTeX_Projects\School\MATH308\out\Euclid
ean_Space.aux)
(C:/Users\ericx\OneDrive - UW\CS_Stuff\LaTeX_Projects\School\MATH308\out\Matric
es.aux)
(C:/Users\ericx\OneDrive - UW\CS_Stuff\LaTeX_Projects\School\MATH308\out\Subspa
ces.aux)
(C:/Users\ericx\OneDrive - UW\CS_Stuff\LaTeX_Projects\School\MATH308\out\Determ
inants.aux)
(C:/Users\ericx\OneDrive - UW\CS_Stuff\LaTeX_Projects\School\MATH308\out\Eigenv
alues_and_Eigenvectors.aux))
\openout1 = `MATH308_Notes.aux'.

LaTeX Font Info:    Checking defaults for OML/cmm/m/it on input line 18.
LaTeX Font Info:    ... okay on input line 18.
LaTeX Font Info:    Checking defaults for OMS/cmsy/m/n on input line 18.
LaTeX Font Info:    ... okay on input line 18.
LaTeX Font Info:    Checking defaults for OT1/cmr/m/n on input line 18.
LaTeX Font Info:    ... okay on input line 18.
LaTeX Font Info:    Checking defaults for T1/cmr/m/n on input line 18.
LaTeX Font Info:    ... okay on input line 18.
LaTeX Font Info:    Checking defaults for TS1/cmr/m/n on input line 18.
LaTeX Font Info:    ... okay on input line 18.
LaTeX Font Info:    Checking defaults for OMX/cmex/m/n on input line 18.
LaTeX Font Info:    ... okay on input line 18.
LaTeX Font Info:    Checking defaults for U/cmr/m/n on input line 18.
LaTeX Font Info:    ... okay on input line 18.

*geometry* driver: auto-detecting
*geometry* detected driver: pdftex
*geometry* verbose mode - [ preamble ] result:
* driver: pdftex
* paper: legalpaper
* layout: <same size as paper>
* layoutoffset:(h,v)=(0.0pt,0.0pt)
* modes: 
* h-part:(L,W,R)=(65.04256pt, 484.20988pt, 65.04256pt)
* v-part:(T,H,B)=(65.04256pt, 881.69489pt, 65.04256pt)
* \paperwidth=614.295pt
* \paperheight=1011.78pt
* \textwidth=484.20988pt
* \textheight=881.69489pt
* \oddsidemargin=-7.22743pt
* \evensidemargin=-7.22743pt
* \topmargin=-44.22743pt
* \headheight=12.0pt
* \headsep=25.0pt
* \topskip=10.0pt
* \footskip=30.0pt
* \marginparwidth=65.0pt
* \marginparsep=11.0pt
* \columnsep=10.0pt
* \skip\footins=9.0pt plus 4.0pt minus 2.0pt
* \hoffset=0.0pt
* \voffset=0.0pt
* \mag=1000
* \@twocolumnfalse
* \@twosidefalse
* \@mparswitchfalse
* \@reversemarginfalse
* (1in=72.27pt=25.4mm, 1cm=28.453pt)

LaTeX Info: Redefining \celsius on input line 18.
Package gensymb Info: Faking symbols for \degree and \celsius on input line 18.


Package gensymb Warning: Not defining \perthousand.

LaTeX Info: Redefining \ohm on input line 18.
Package gensymb Info: Using \Omega for \ohm on input line 18.

Package gensymb Warning: Not defining \micro.

(C:\Program Files\MiKTeX\tex/context/base/mkii\supp-pdf.mkii
[Loading MPS to PDF converter (version 2006.09.02).]
\scratchcounter=\count346
\scratchdimen=\dimen333
\scratchbox=\box104
\nofMPsegments=\count347
\nofMParguments=\count348
\everyMPshowfont=\toks53
\MPscratchCnt=\count349
\MPscratchDim=\dimen334
\MPnumerator=\count350
\makeMPintoPDFobject=\count351
\everyMPtoPDFconversion=\toks54
) (C:\Program Files\MiKTeX\tex/latex/epstopdf-pkg\epstopdf-base.sty
Package: epstopdf-base 2020-01-24 v2.11 Base part for package epstopdf
Package epstopdf-base Info: Redefining graphics rule for `.eps' on input line 4
85.

(C:\Program Files\MiKTeX\tex/latex/00miktex\epstopdf-sys.cfg
File: epstopdf-sys.cfg 2021/03/18 v2.0 Configuration of epstopdf for MiKTeX
))
Package caption Info: Begin \AtBeginDocument code.
Package caption Info: listings package is loaded.
Package caption Info: End \AtBeginDocument code.

Package pgfplots notification 'compat/show suggested version=true': document ha
s been generated with the most recent feature set (\pgfplotsset{compat=1.17}).

\c@lstlisting=\count352
(C:\Program Files\MiKTeX\tex/latex/base\inputenc.sty
Package: inputenc 2020/08/01 v1.3d Input encoding file
\inpenc@prehook=\toks55
\inpenc@posthook=\toks56
)
LaTeX Font Info:    Trying to load font information for U+msa on input line 20.


(C:\Program Files\MiKTeX\tex/latex/amsfonts\umsa.fd
File: umsa.fd 2013/01/14 v3.01 AMS symbols A
)
LaTeX Font Info:    Trying to load font information for U+msb on input line 20.


(C:\Program Files\MiKTeX\tex/latex/amsfonts\umsb.fd
File: umsb.fd 2013/01/14 v3.01 AMS symbols B
)
(C:/Users\ericx\OneDrive - UW\CS_Stuff\LaTeX_Projects\School\MATH308\out\MATH30
8_Notes.toc)
\tf@toc=\write6
\openout6 = `MATH308_Notes.toc'.

 [1

{C:/Users/ericx/AppData/Local/MiKTeX/pdftex/config/pdftex.map}]
\openout2 = `Systems_Of_Linear_Equations.aux'.


(Systems_Of_Linear_Equations.tex
Underfull \hbox (badness 10000) in paragraph at lines 11--12

 []


Underfull \hbox (badness 10000) in paragraph at lines 13--18

 []


Underfull \hbox (badness 10000) in paragraph at lines 19--22

 []


Underfull \hbox (badness 10000) in paragraph at lines 51--52

 []

[2

]
<Assets/1_Triangular_System.png, id=57, 316.7835pt x 102.3825pt>
File: Assets/1_Triangular_System.png Graphic file (type png)
<use Assets/1_Triangular_System.png>
Package pdftex.def Info: Assets/1_Triangular_System.png  used on input line 95.

(pdftex.def)             Requested size: 237.58704pt x 76.78668pt.

Underfull \hbox (badness 10000) in paragraph at lines 98--101

 []


Underfull \hbox (badness 10000) in paragraph at lines 102--105

 []


Underfull \hbox (badness 10000) in paragraph at lines 106--107

 []

) [3 <./Assets/1_Triangular_System.png>]
\openout2 = `Euclidean_Space.aux'.

 (Euclidean_Space.tex) [4



]
\openout2 = `Matrices.aux'.


(Matrices.tex) [5



]
\openout2 = `Subspaces.aux'.

 (Subspaces.tex) [6



]
\openout2 = `Determinants.aux'.

 (Determinants.tex) [7



]
\openout2 = `Eigenvalues_and_Eigenvectors.aux'.


(Eigenvalues_and_Eigenvectors.tex) [8



]
(C:/Users\ericx\OneDrive - UW\CS_Stuff\LaTeX_Projects\School\MATH308\out\MATH30
8_Notes.aux
(C:/Users\ericx\OneDrive - UW\CS_Stuff\LaTeX_Projects\School\MATH308\out\System
s_Of_Linear_Equations.aux)
(C:/Users\ericx\OneDrive - UW\CS_Stuff\LaTeX_Projects\School\MATH308\out\Euclid
ean_Space.aux)
(C:/Users\ericx\OneDrive - UW\CS_Stuff\LaTeX_Projects\School\MATH308\out\Matric
es.aux)
(C:/Users\ericx\OneDrive - UW\CS_Stuff\LaTeX_Projects\School\MATH308\out\Subspa
ces.aux)
(C:/Users\ericx\OneDrive - UW\CS_Stuff\LaTeX_Projects\School\MATH308\out\Determ
inants.aux)
(C:/Users\ericx\OneDrive - UW\CS_Stuff\LaTeX_Projects\School\MATH308\out\Eigenv
alues_and_Eigenvectors.aux)) ) 
Here is how much of TeX's memory you used:
 38441 strings out of 479332
 958272 string characters out of 2866904
 1606409 words of memory out of 3000000
 55030 multiletter control sequences out of 15000+600000
 416656 words of font info for 76 fonts, out of 8000000 for 9000
 1141 hyphenation exceptions out of 8191
 117i,8n,125p,738b,609s stack positions out of 5000i,500n,10000p,200000b,80000s
<C:/Program Files/MiKTeX/fonts/type1/public/amsfo
nts/cm/cmbx10.pfb><C:/Program Files/MiKTeX/fonts/type1/public/amsfonts/cm/cmbx1
2.pfb><C:/Program Files/MiKTeX/fonts/type1/public/amsfonts/cm/cmmi10.pfb><C:/Pr
ogram Files/MiKTeX/fonts/type1/public/amsfonts/cm/cmmi7.pfb><C:/Program Files/M
iKTeX/fonts/type1/public/amsfonts/cm/cmr10.pfb><C:/Program Files/MiKTeX/fonts/t
ype1/public/amsfonts/cm/cmr12.pfb><C:/Program Files/MiKTeX/fonts/type1/public/a
msfonts/cm/cmr17.pfb><C:/Program Files/MiKTeX/fonts/type1/public/amsfonts/cm/cm
r7.pfb><C:/Program Files/MiKTeX/fonts/type1/public/amsfonts/cm/cmsy10.pfb><C:/P
rogram Files/MiKTeX/fonts/type1/public/amsfonts/cm/cmti10.pfb>
Output written on "C:/Users\ericx\OneDrive - UW\CS_Stuff\LaTeX_Projects\School\
MATH308\out\MATH308_Notes.pdf" (8 pages, 146867 bytes).
PDF statistics:
 111 PDF objects out of 1000 (max. 8388607)
 0 named destinations out of 1000 (max. 500000)
 162 words of extra memory for PDF output out of 10000 (max. 10000000)

