This is pdfTeX, Version 3.14159265-2.6-1.40.21 (MiKTeX 20.7) (preloaded format=pdflatex 2020.10.6)  3 NOV 2020 17:32
entering extended mode
**./PHYS14X_Notes.tex
(PHYS14X_Notes.tex
LaTeX2e <2020-10-01>
L3 programming layer <2020-09-24> xparse <2020-03-03>
("C:\Program Files\MiKTeX\tex/latex/base\article.cls"
Document Class: article 2020/04/10 v1.4m Standard LaTeX document class
("C:\Program Files\MiKTeX\tex/latex/base\size10.clo"
File: size10.clo 2020/04/10 v1.4m Standard LaTeX file (size option)
)
\c@part=\count175
\c@section=\count176
\c@subsection=\count177
\c@subsubsection=\count178
\c@paragraph=\count179
\c@subparagraph=\count180
\c@figure=\count181
\c@table=\count182
\abovecaptionskip=\skip47
\belowcaptionskip=\skip48
\bibindent=\dimen138
)
(C:\Users\ericx\AppData\Roaming\MiKTeX\tex/latex/geometry\geometry.sty
Package: geometry 2020/01/02 v5.9 Page Geometry

("C:\Program Files\MiKTeX\tex/latex/graphics\keyval.sty"
Package: keyval 2014/10/28 v1.15 key=value parser (DPC)
\KV@toks@=\toks15
)
("C:\Program Files\MiKTeX\tex/generic/iftex\ifvtex.sty"
Package: ifvtex 2019/10/25 v1.7 ifvtex legacy package. Use iftex instead.

("C:\Program Files\MiKTeX\tex/generic/iftex\iftex.sty"
Package: iftex 2020/03/06 v1.0d TeX engine tests
))
\Gm@cnth=\count183
\Gm@cntv=\count184
\c@Gm@tempcnt=\count185
\Gm@bindingoffset=\dimen139
\Gm@wd@mp=\dimen140
\Gm@odd@mp=\dimen141
\Gm@even@mp=\dimen142
\Gm@layoutwidth=\dimen143
\Gm@layoutheight=\dimen144
\Gm@layouthoffset=\dimen145
\Gm@layoutvoffset=\dimen146
\Gm@dimlist=\toks16

(C:\Users\ericx\AppData\Roaming\MiKTeX\tex/latex/geometry\geometry.cfg)

C:\Users\ericx\AppData\Roaming\MiKTeX\tex/latex/geometry\geometry.sty:1005: Pac
kage keyval Error: portrati undefined.

See the keyval package documentation for explanation.
Type  H <return>  for immediate help.
 ...                                              
                                                  
l.1005 \ProcessOptionsKV[p]{Gm}
                               %
Try typing  <return>  to proceed.
If that doesn't work, type  X <return>  to quit.

) ("C:\Program Files\MiKTeX\tex/latex/amsmath\amsmath.sty"
Package: amsmath 2020/09/23 v2.17i AMS math features
\@mathmargin=\skip49

For additional information on amsmath, use the `?' option.
("C:\Program Files\MiKTeX\tex/latex/amsmath\amstext.sty"
Package: amstext 2000/06/29 v2.01 AMS text

("C:\Program Files\MiKTeX\tex/latex/amsmath\amsgen.sty"
File: amsgen.sty 1999/11/30 v2.0 generic functions
\@emptytoks=\toks17
\ex@=\dimen147
))
("C:\Program Files\MiKTeX\tex/latex/amsmath\amsbsy.sty"
Package: amsbsy 1999/11/29 v1.2d Bold Symbols
\pmbraise@=\dimen148
)
("C:\Program Files\MiKTeX\tex/latex/amsmath\amsopn.sty"
Package: amsopn 2016/03/08 v2.02 operator names
)
\inf@bad=\count186
LaTeX Info: Redefining \frac on input line 234.
\uproot@=\count187
\leftroot@=\count188
LaTeX Info: Redefining \overline on input line 399.
\classnum@=\count189
\DOTSCASE@=\count190
LaTeX Info: Redefining \ldots on input line 496.
LaTeX Info: Redefining \dots on input line 499.
LaTeX Info: Redefining \cdots on input line 620.
\Mathstrutbox@=\box47
\strutbox@=\box48
\big@size=\dimen149
LaTeX Font Info:    Redeclaring font encoding OML on input line 743.
LaTeX Font Info:    Redeclaring font encoding OMS on input line 744.
\macc@depth=\count191
\c@MaxMatrixCols=\count192
\dotsspace@=\muskip16
\c@parentequation=\count193
\dspbrk@lvl=\count194
\tag@help=\toks18
\row@=\count195
\column@=\count196
\maxfields@=\count197
\andhelp@=\toks19
\eqnshift@=\dimen150
\alignsep@=\dimen151
\tagshift@=\dimen152
\tagwidth@=\dimen153
\totwidth@=\dimen154
\lineht@=\dimen155
\@envbody=\toks20
\multlinegap=\skip50
\multlinetaggap=\skip51
\mathdisplay@stack=\toks21
LaTeX Info: Redefining \[ on input line 2923.
LaTeX Info: Redefining \] on input line 2924.
)
("C:\Program Files\MiKTeX\tex/latex/tools\bm.sty"
Package: bm 2019/07/24 v1.2d Bold Symbol Support (DPC/FMi)
\symboldoperators=\mathgroup4
\symboldletters=\mathgroup5
\symboldsymbols=\mathgroup6
LaTeX Font Info:    Redeclaring math alphabet \mathbf on input line 141.
LaTeX Info: Redefining \bm on input line 209.
)
("C:\Program Files\MiKTeX\tex/latex/amsfonts\amssymb.sty"
Package: amssymb 2013/01/14 v3.01 AMS font symbols

("C:\Program Files\MiKTeX\tex/latex/amsfonts\amsfonts.sty"
Package: amsfonts 2013/01/14 v3.01 Basic AMSFonts support
\symAMSa=\mathgroup7
\symAMSb=\mathgroup8
LaTeX Font Info:    Redeclaring math symbol \hbar on input line 98.
LaTeX Font Info:    Overwriting math alphabet `\mathfrak' in version `bold'
(Font)                  U/euf/m/n --> U/euf/b/n on input line 106.
))
(C:\Users\ericx\AppData\Roaming\MiKTeX\tex/latex/was\gensymb.sty
Package: gensymb 2003/07/02 v1.0 (WaS)
)
(C:\Users\ericx\AppData\Roaming\MiKTeX\tex/latex/mathtools\mathtools.sty
Package: mathtools 2020/03/24 v1.24 mathematical typesetting tools

("C:\Program Files\MiKTeX\tex/latex/tools\calc.sty"
Package: calc 2017/05/25 v4.3 Infix arithmetic (KKT,FJ)
\calc@Acount=\count198
\calc@Bcount=\count199
\calc@Adimen=\dimen156
\calc@Bdimen=\dimen157
\calc@Askip=\skip52
\calc@Bskip=\skip53
LaTeX Info: Redefining \setlength on input line 80.
LaTeX Info: Redefining \addtolength on input line 81.
\calc@Ccount=\count266
\calc@Cskip=\skip54
)
(C:\Users\ericx\AppData\Roaming\MiKTeX\tex/latex/mathtools\mhsetup.sty
Package: mhsetup 2017/03/31 v1.3 programming setup (MH)
)
LaTeX Info: Thecontrolsequence`\('isalreadyrobust on input line 130.
LaTeX Info: Thecontrolsequence`\)'isalreadyrobust on input line 130.
LaTeX Info: Thecontrolsequence`\['isalreadyrobust on input line 130.
LaTeX Info: Thecontrolsequence`\]'isalreadyrobust on input line 130.
\g_MT_multlinerow_int=\count267
\l_MT_multwidth_dim=\dimen158
\origjot=\skip55
\l_MT_shortvdotswithinadjustabove_dim=\dimen159
\l_MT_shortvdotswithinadjustbelow_dim=\dimen160
\l_MT_above_intertext_sep=\dimen161
\l_MT_below_intertext_sep=\dimen162
\l_MT_above_shortintertext_sep=\dimen163
\l_MT_below_shortintertext_sep=\dimen164
\xmathstrut@box=\box49
\xmathstrut@dim=\dimen165
)
("C:\Program Files\MiKTeX\tex/latex/xcolor\xcolor.sty"
Package: xcolor 2016/05/11 v2.12 LaTeX color extensions (UK)

("C:\Program Files\MiKTeX\tex/latex/graphics-cfg\color.cfg"
File: color.cfg 2016/01/02 v1.6 sample color configuration
)
Package xcolor Info: Driver file: pdftex.def on input line 225.

("C:\Program Files\MiKTeX\tex/latex/graphics-def\pdftex.def"
File: pdftex.def 2020/08/26 v1.2 Graphics/color driver for pdftex
)
Package xcolor Info: Model `cmy' substituted by `cmy0' on input line 1348.
Package xcolor Info: Model `hsb' substituted by `rgb' on input line 1352.
Package xcolor Info: Model `RGB' extended on input line 1364.
Package xcolor Info: Model `HTML' substituted by `rgb' on input line 1366.
Package xcolor Info: Model `Hsb' substituted by `hsb' on input line 1367.
Package xcolor Info: Model `tHsb' substituted by `hsb' on input line 1368.
Package xcolor Info: Model `HSB' substituted by `hsb' on input line 1369.
Package xcolor Info: Model `Gray' substituted by `gray' on input line 1370.
Package xcolor Info: Model `wave' substituted by `hsb' on input line 1371.

("C:\Program Files\MiKTeX\tex/latex/graphics\dvipsnam.def"
File: dvipsnam.def 2016/06/17 v3.0m Driver-dependent file (DPC,SPQR)
))
(C:\Users\ericx\AppData\Roaming\MiKTeX\tex/latex/caption\caption.sty
Package: caption 2020/09/12 v3.5b Customizing captions (AR)

(C:\Users\ericx\AppData\Roaming\MiKTeX\tex/latex/caption\caption3.sty
Package: caption3 2020/09/17 v2.1b caption3 kernel (AR)
\captionmargin=\dimen166
\captionmargin@=\dimen167
\captionwidth=\dimen168
\caption@tempdima=\dimen169
\caption@indent=\dimen170
\caption@parindent=\dimen171
\caption@hangindent=\dimen172
Package caption Info: Standard document class detected.
)
\c@caption@flags=\count268
\c@continuedfloat=\count269
)
(C:\Users\ericx\AppData\Roaming\MiKTeX\tex/latex/caption\subcaption.sty
Package: subcaption 2020/08/23 v1.3g Sub-captions (AR)
\c@subfigure=\count270
\c@subtable=\count271
)
("C:\Program Files\MiKTeX\tex/latex/pgfplots\pgfplots.sty"
("C:\Program Files\MiKTeX\tex/generic/pgfplots\pgfplots.revision.tex")
Package: pgfplots 2020/02/29 v1.17 Data Visualization (1.17)

("C:\Program Files\MiKTeX\tex/latex/graphics\graphicx.sty"
Package: graphicx 2020/09/09 v1.2b Enhanced LaTeX Graphics (DPC,SPQR)

("C:\Program Files\MiKTeX\tex/latex/graphics\graphics.sty"
Package: graphics 2020/08/30 v1.4c Standard LaTeX Graphics (DPC,SPQR)

("C:\Program Files\MiKTeX\tex/latex/graphics\trig.sty"
Package: trig 2016/01/03 v1.10 sin cos tan (DPC)
)
("C:\Program Files\MiKTeX\tex/latex/graphics-cfg\graphics.cfg"
File: graphics.cfg 2016/06/04 v1.11 sample graphics configuration
)
Package graphics Info: Driver file: pdftex.def on input line 105.
)
\Gin@req@height=\dimen173
\Gin@req@width=\dimen174
)
("C:\Program Files\MiKTeX\tex/latex/pgf/frontendlayer\tikz.sty"
("C:\Program Files\MiKTeX\tex/latex/pgf/basiclayer\pgf.sty"
("C:\Program Files\MiKTeX\tex/latex/pgf/utilities\pgfrcs.sty"
("C:\Program Files\MiKTeX\tex/generic/pgf/utilities\pgfutil-common.tex"
\pgfutil@everybye=\toks22
\pgfutil@tempdima=\dimen175
\pgfutil@tempdimb=\dimen176

("C:\Program Files\MiKTeX\tex/generic/pgf/utilities\pgfutil-common-lists.tex"))
("C:\Program Files\MiKTeX\tex/generic/pgf/utilities\pgfutil-latex.def"
\pgfutil@abb=\box50
)
("C:\Program Files\MiKTeX\tex/generic/pgf/utilities\pgfrcs.code.tex"
("C:\Program Files\MiKTeX\tex/generic/pgf\pgf.revision.tex")
Package: pgfrcs 2020/10/01 v3.1.6a (3.1.6a)
))
Package: pgf 2020/10/01 v3.1.6a (3.1.6a)

("C:\Program Files\MiKTeX\tex/latex/pgf/basiclayer\pgfcore.sty"
("C:\Program Files\MiKTeX\tex/latex/pgf/systemlayer\pgfsys.sty"
("C:\Program Files\MiKTeX\tex/generic/pgf/systemlayer\pgfsys.code.tex"
Package: pgfsys 2020/10/01 v3.1.6a (3.1.6a)

("C:\Program Files\MiKTeX\tex/generic/pgf/utilities\pgfkeys.code.tex"
\pgfkeys@pathtoks=\toks23
\pgfkeys@temptoks=\toks24

("C:\Program Files\MiKTeX\tex/generic/pgf/utilities\pgfkeysfiltered.code.tex"
\pgfkeys@tmptoks=\toks25
))
\pgf@x=\dimen177
\pgf@y=\dimen178
\pgf@xa=\dimen179
\pgf@ya=\dimen180
\pgf@xb=\dimen181
\pgf@yb=\dimen182
\pgf@xc=\dimen183
\pgf@yc=\dimen184
\pgf@xd=\dimen185
\pgf@yd=\dimen186
\w@pgf@writea=\write3
\r@pgf@reada=\read2
\c@pgf@counta=\count272
\c@pgf@countb=\count273
\c@pgf@countc=\count274
\c@pgf@countd=\count275
\t@pgf@toka=\toks26
\t@pgf@tokb=\toks27
\t@pgf@tokc=\toks28
\pgf@sys@id@count=\count276
("C:\Program Files\MiKTeX\tex/generic/pgf/systemlayer\pgf.cfg"
File: pgf.cfg 2020/10/01 v3.1.6a (3.1.6a)
)
Driver file for pgf: pgfsys-pdftex.def

("C:\Program Files\MiKTeX\tex/generic/pgf/systemlayer\pgfsys-pdftex.def"
File: pgfsys-pdftex.def 2020/10/01 v3.1.6a (3.1.6a)

("C:\Program Files\MiKTeX\tex/generic/pgf/systemlayer\pgfsys-common-pdf.def"
File: pgfsys-common-pdf.def 2020/10/01 v3.1.6a (3.1.6a)
))) ("C:\Program Files\MiKTeX\tex/generic/pgf/systemlayer\pgfsyssoftpath.code.t
ex"
File: pgfsyssoftpath.code.tex 2020/10/01 v3.1.6a (3.1.6a)
\pgfsyssoftpath@smallbuffer@items=\count277
\pgfsyssoftpath@bigbuffer@items=\count278
) ("C:\Program Files\MiKTeX\tex/generic/pgf/systemlayer\pgfsysprotocol.code.tex
"
File: pgfsysprotocol.code.tex 2020/10/01 v3.1.6a (3.1.6a)
)) ("C:\Program Files\MiKTeX\tex/generic/pgf/basiclayer\pgfcore.code.tex"
Package: pgfcore 2020/10/01 v3.1.6a (3.1.6a)

("C:\Program Files\MiKTeX\tex/generic/pgf/math\pgfmath.code.tex"
("C:\Program Files\MiKTeX\tex/generic/pgf/math\pgfmathcalc.code.tex"
("C:\Program Files\MiKTeX\tex/generic/pgf/math\pgfmathutil.code.tex")
("C:\Program Files\MiKTeX\tex/generic/pgf/math\pgfmathparser.code.tex"
\pgfmath@dimen=\dimen187
\pgfmath@count=\count279
\pgfmath@box=\box51
\pgfmath@toks=\toks29
\pgfmath@stack@operand=\toks30
\pgfmath@stack@operation=\toks31
)
("C:\Program Files\MiKTeX\tex/generic/pgf/math\pgfmathfunctions.code.tex"
("C:\Program Files\MiKTeX\tex/generic/pgf/math\pgfmathfunctions.basic.code.tex"
)
("C:\Program Files\MiKTeX\tex/generic/pgf/math\pgfmathfunctions.trigonometric.c
ode.tex")
("C:\Program Files\MiKTeX\tex/generic/pgf/math\pgfmathfunctions.random.code.tex
")
("C:\Program Files\MiKTeX\tex/generic/pgf/math\pgfmathfunctions.comparison.code
.tex")
("C:\Program Files\MiKTeX\tex/generic/pgf/math\pgfmathfunctions.base.code.tex")
("C:\Program Files\MiKTeX\tex/generic/pgf/math\pgfmathfunctions.round.code.tex"
) ("C:\Program Files\MiKTeX\tex/generic/pgf/math\pgfmathfunctions.misc.code.tex
")
("C:\Program Files\MiKTeX\tex/generic/pgf/math\pgfmathfunctions.integerarithmet
ics.code.tex")))
("C:\Program Files\MiKTeX\tex/generic/pgf/math\pgfmathfloat.code.tex"
\c@pgfmathroundto@lastzeros=\count280
))
("C:\Program Files\MiKTeX\tex/generic/pgf/math\pgfint.code.tex")
("C:\Program Files\MiKTeX\tex/generic/pgf/basiclayer\pgfcorepoints.code.tex"
File: pgfcorepoints.code.tex 2020/10/01 v3.1.6a (3.1.6a)
\pgf@picminx=\dimen188
\pgf@picmaxx=\dimen189
\pgf@picminy=\dimen190
\pgf@picmaxy=\dimen191
\pgf@pathminx=\dimen192
\pgf@pathmaxx=\dimen193
\pgf@pathminy=\dimen194
\pgf@pathmaxy=\dimen195
\pgf@xx=\dimen196
\pgf@xy=\dimen197
\pgf@yx=\dimen198
\pgf@yy=\dimen199
\pgf@zx=\dimen256
\pgf@zy=\dimen257
)
("C:\Program Files\MiKTeX\tex/generic/pgf/basiclayer\pgfcorepathconstruct.code.
tex"
File: pgfcorepathconstruct.code.tex 2020/10/01 v3.1.6a (3.1.6a)
\pgf@path@lastx=\dimen258
\pgf@path@lasty=\dimen259
)
("C:\Program Files\MiKTeX\tex/generic/pgf/basiclayer\pgfcorepathusage.code.tex"
File: pgfcorepathusage.code.tex 2020/10/01 v3.1.6a (3.1.6a)
\pgf@shorten@end@additional=\dimen260
\pgf@shorten@start@additional=\dimen261
) ("C:\Program Files\MiKTeX\tex/generic/pgf/basiclayer\pgfcorescopes.code.tex"
File: pgfcorescopes.code.tex 2020/10/01 v3.1.6a (3.1.6a)
\pgfpic=\box52
\pgf@hbox=\box53
\pgf@layerbox@main=\box54
\pgf@picture@serial@count=\count281
)
("C:\Program Files\MiKTeX\tex/generic/pgf/basiclayer\pgfcoregraphicstate.code.t
ex"
File: pgfcoregraphicstate.code.tex 2020/10/01 v3.1.6a (3.1.6a)
\pgflinewidth=\dimen262
)
("C:\Program Files\MiKTeX\tex/generic/pgf/basiclayer\pgfcoretransformations.cod
e.tex"
File: pgfcoretransformations.code.tex 2020/10/01 v3.1.6a (3.1.6a)
\pgf@pt@x=\dimen263
\pgf@pt@y=\dimen264
\pgf@pt@temp=\dimen265
)
("C:\Program Files\MiKTeX\tex/generic/pgf/basiclayer\pgfcorequick.code.tex"
File: pgfcorequick.code.tex 2020/10/01 v3.1.6a (3.1.6a)
)
("C:\Program Files\MiKTeX\tex/generic/pgf/basiclayer\pgfcoreobjects.code.tex"
File: pgfcoreobjects.code.tex 2020/10/01 v3.1.6a (3.1.6a)
)
("C:\Program Files\MiKTeX\tex/generic/pgf/basiclayer\pgfcorepathprocessing.code
.tex"
File: pgfcorepathprocessing.code.tex 2020/10/01 v3.1.6a (3.1.6a)
)
("C:\Program Files\MiKTeX\tex/generic/pgf/basiclayer\pgfcorearrows.code.tex"
File: pgfcorearrows.code.tex 2020/10/01 v3.1.6a (3.1.6a)
\pgfarrowsep=\dimen266
)
("C:\Program Files\MiKTeX\tex/generic/pgf/basiclayer\pgfcoreshade.code.tex"
File: pgfcoreshade.code.tex 2020/10/01 v3.1.6a (3.1.6a)
\pgf@max=\dimen267
\pgf@sys@shading@range@num=\count282
\pgf@shadingcount=\count283
)
("C:\Program Files\MiKTeX\tex/generic/pgf/basiclayer\pgfcoreimage.code.tex"
File: pgfcoreimage.code.tex 2020/10/01 v3.1.6a (3.1.6a)

("C:\Program Files\MiKTeX\tex/generic/pgf/basiclayer\pgfcoreexternal.code.tex"
File: pgfcoreexternal.code.tex 2020/10/01 v3.1.6a (3.1.6a)
\pgfexternal@startupbox=\box55
)) ("C:\Program Files\MiKTeX\tex/generic/pgf/basiclayer\pgfcorelayers.code.tex"
File: pgfcorelayers.code.tex 2020/10/01 v3.1.6a (3.1.6a)
)
("C:\Program Files\MiKTeX\tex/generic/pgf/basiclayer\pgfcoretransparency.code.t
ex"
File: pgfcoretransparency.code.tex 2020/10/01 v3.1.6a (3.1.6a)
)
("C:\Program Files\MiKTeX\tex/generic/pgf/basiclayer\pgfcorepatterns.code.tex"
File: pgfcorepatterns.code.tex 2020/10/01 v3.1.6a (3.1.6a)
) ("C:\Program Files\MiKTeX\tex/generic/pgf/basiclayer\pgfcorerdf.code.tex"
File: pgfcorerdf.code.tex 2020/10/01 v3.1.6a (3.1.6a)
)))
("C:\Program Files\MiKTeX\tex/generic/pgf/modules\pgfmoduleshapes.code.tex"
File: pgfmoduleshapes.code.tex 2020/10/01 v3.1.6a (3.1.6a)
\pgfnodeparttextbox=\box56
)
("C:\Program Files\MiKTeX\tex/generic/pgf/modules\pgfmoduleplot.code.tex"
File: pgfmoduleplot.code.tex 2020/10/01 v3.1.6a (3.1.6a)
)
("C:\Program Files\MiKTeX\tex/latex/pgf/compatibility\pgfcomp-version-0-65.sty"
Package: pgfcomp-version-0-65 2020/10/01 v3.1.6a (3.1.6a)
\pgf@nodesepstart=\dimen268
\pgf@nodesepend=\dimen269
) ("C:\Program Files\MiKTeX\tex/latex/pgf/compatibility\pgfcomp-version-1-18.st
y"
Package: pgfcomp-version-1-18 2020/10/01 v3.1.6a (3.1.6a)
)) ("C:\Program Files\MiKTeX\tex/latex/pgf/utilities\pgffor.sty"
("C:\Program Files\MiKTeX\tex/latex/pgf/utilities\pgfkeys.sty"
("C:\Program Files\MiKTeX\tex/generic/pgf/utilities\pgfkeys.code.tex"))
("C:\Program Files\MiKTeX\tex/latex/pgf/math\pgfmath.sty"
("C:\Program Files\MiKTeX\tex/generic/pgf/math\pgfmath.code.tex"))
("C:\Program Files\MiKTeX\tex/generic/pgf/utilities\pgffor.code.tex"
Package: pgffor 2020/10/01 v3.1.6a (3.1.6a)

("C:\Program Files\MiKTeX\tex/generic/pgf/math\pgfmath.code.tex")
\pgffor@iter=\dimen270
\pgffor@skip=\dimen271
\pgffor@stack=\toks32
\pgffor@toks=\toks33
))
("C:\Program Files\MiKTeX\tex/generic/pgf/frontendlayer/tikz\tikz.code.tex"
Package: tikz 2020/10/01 v3.1.6a (3.1.6a)

("C:\Program Files\MiKTeX\tex/generic/pgf/libraries\pgflibraryplothandlers.code
.tex"
File: pgflibraryplothandlers.code.tex 2020/10/01 v3.1.6a (3.1.6a)
\pgf@plot@mark@count=\count284
\pgfplotmarksize=\dimen272
)
\tikz@lastx=\dimen273
\tikz@lasty=\dimen274
\tikz@lastxsaved=\dimen275
\tikz@lastysaved=\dimen276
\tikz@lastmovetox=\dimen277
\tikz@lastmovetoy=\dimen278
\tikzleveldistance=\dimen279
\tikzsiblingdistance=\dimen280
\tikz@figbox=\box57
\tikz@figbox@bg=\box58
\tikz@tempbox=\box59
\tikz@tempbox@bg=\box60
\tikztreelevel=\count285
\tikznumberofchildren=\count286
\tikznumberofcurrentchild=\count287
\tikz@fig@count=\count288

("C:\Program Files\MiKTeX\tex/generic/pgf/modules\pgfmodulematrix.code.tex"
File: pgfmodulematrix.code.tex 2020/10/01 v3.1.6a (3.1.6a)
\pgfmatrixcurrentrow=\count289
\pgfmatrixcurrentcolumn=\count290
\pgf@matrix@numberofcolumns=\count291
)
\tikz@expandcount=\count292

("C:\Program Files\MiKTeX\tex/generic/pgf/frontendlayer/tikz/libraries\tikzlibr
arytopaths.code.tex"
File: tikzlibrarytopaths.code.tex 2020/10/01 v3.1.6a (3.1.6a)
)))
("C:\Program Files\MiKTeX\tex/generic/pgfplots\pgfplots.code.tex"
("C:\Program Files\MiKTeX\tex/generic/pgfplots\pgfplotscore.code.tex"
\t@pgfplots@toka=\toks34
\t@pgfplots@tokb=\toks35
\t@pgfplots@tokc=\toks36
\pgfplots@tmpa=\dimen281
\c@pgfplots@coordindex=\count293
\c@pgfplots@scanlineindex=\count294

("C:\Program Files\MiKTeX\tex/generic/pgfplots/sys\pgfplotssysgeneric.code.tex"
)) ("C:\Program Files\MiKTeX\tex/generic/pgfplots/libs\pgfplotslibrary.code.tex
")
("C:\Program Files\MiKTeX\tex/generic/pgfplots/oldpgfcompatib\pgfplotsoldpgfsup
p_loader.code.tex"
("C:\Program Files\MiKTeX\tex/generic/pgf/libraries\pgflibraryfpu.code.tex"))
("C:\Program Files\MiKTeX\tex/generic/pgfplots/util\pgfplotsutil.code.tex"
("C:\Program Files\MiKTeX\tex/generic/pgfplots/liststructure\pgfplotsliststruct
ure.code.tex")
("C:\Program Files\MiKTeX\tex/generic/pgfplots/liststructure\pgfplotsliststruct
ureext.code.tex")
("C:\Program Files\MiKTeX\tex/generic/pgfplots/liststructure\pgfplotsarray.code
.tex"
\c@pgfplotsarray@tmp=\count295
)
("C:\Program Files\MiKTeX\tex/generic/pgfplots/liststructure\pgfplotsmatrix.cod
e.tex")
("C:\Program Files\MiKTeX\tex/generic/pgfplots/numtable\pgfplotstableshared.cod
e.tex"
\c@pgfplotstable@counta=\count296
\t@pgfplotstable@a=\toks37
)
("C:\Program Files\MiKTeX\tex/generic/pgfplots/liststructure\pgfplotsdeque.code
.tex")
("C:\Program Files\MiKTeX\tex/generic/pgfplots/util\pgfplotsbinary.code.tex"
("C:\Program Files\MiKTeX\tex/generic/pgfplots/util\pgfplotsbinary.data.code.te
x"))
("C:\Program Files\MiKTeX\tex/generic/pgfplots/util\pgfplotsutil.verb.code.tex"
)
("C:\Program Files\MiKTeX\tex/generic/pgfplots/libs\pgflibrarypgfplots.surfshad
ing.code.tex"
\c@pgfplotslibrarysurf@no=\count297

("C:\Program Files\MiKTeX\tex/generic/pgfplots/sys\pgflibrarypgfplots.surfshadi
ng.pgfsys-pdftex.def")))
("C:\Program Files\MiKTeX\tex/generic/pgfplots/util\pgfplotscolormap.code.tex"
("C:\Program Files\MiKTeX\tex/generic/pgfplots/util\pgfplotscolor.code.tex"))
("C:\Program Files\MiKTeX\tex/generic/pgfplots\pgfplotsstackedplots.code.tex")
("C:\Program Files\MiKTeX\tex/generic/pgfplots\pgfplotsplothandlers.code.tex"
("C:\Program Files\MiKTeX\tex/generic/pgfplots\pgfplotsmeshplothandler.code.tex
" ("C:\Program Files\MiKTeX\tex/generic/pgfplots\pgfplotsmeshplotimage.code.tex
"))) ("C:\Program Files\MiKTeX\tex/generic/pgfplots\pgfplots.scaling.code.tex")
("C:\Program Files\MiKTeX\tex/generic/pgfplots\pgfplotscoordprocessing.code.tex
") ("C:\Program Files\MiKTeX\tex/generic/pgfplots\pgfplots.errorbars.code.tex")
("C:\Program Files\MiKTeX\tex/generic/pgfplots\pgfplots.markers.code.tex")
("C:\Program Files\MiKTeX\tex/generic/pgfplots\pgfplotsticks.code.tex")
("C:\Program Files\MiKTeX\tex/generic/pgfplots\pgfplots.paths.code.tex")
("C:\Program Files\MiKTeX\tex/generic/pgf/frontendlayer/tikz/libraries\tikzlibr
arydecorations.code.tex"
("C:\Program Files\MiKTeX\tex/generic/pgf/modules\pgfmoduledecorations.code.tex
"
\pgfdecoratedcompleteddistance=\dimen282
\pgfdecoratedremainingdistance=\dimen283
\pgfdecoratedinputsegmentcompleteddistance=\dimen284
\pgfdecoratedinputsegmentremainingdistance=\dimen285
\pgf@decorate@distancetomove=\dimen286
\pgf@decorate@repeatstate=\count298
\pgfdecorationsegmentamplitude=\dimen287
\pgfdecorationsegmentlength=\dimen288
)
\tikz@lib@dec@box=\box61
)
("C:\Program Files\MiKTeX\tex/generic/pgf/frontendlayer/tikz/libraries\tikzlibr
arydecorations.pathmorphing.code.tex"
("C:\Program Files\MiKTeX\tex/generic/pgf/libraries/decorations\pgflibrarydecor
ations.pathmorphing.code.tex"))
("C:\Program Files\MiKTeX\tex/generic/pgf/frontendlayer/tikz/libraries\tikzlibr
arydecorations.pathreplacing.code.tex"
("C:\Program Files\MiKTeX\tex/generic/pgf/libraries/decorations\pgflibrarydecor
ations.pathreplacing.code.tex"))
\pgfplots@numplots=\count299
\pgfplots@xmin@reg=\dimen289
\pgfplots@xmax@reg=\dimen290
\pgfplots@ymin@reg=\dimen291
\pgfplots@ymax@reg=\dimen292
\pgfplots@zmin@reg=\dimen293
\pgfplots@zmax@reg=\dimen294
)
("C:\Program Files\MiKTeX\tex/generic/pgf/frontendlayer/tikz/libraries\tikzlibr
aryplotmarks.code.tex"
File: tikzlibraryplotmarks.code.tex 2020/10/01 v3.1.6a (3.1.6a)

("C:\Program Files\MiKTeX\tex/generic/pgf/libraries\pgflibraryplotmarks.code.te
x"
File: pgflibraryplotmarks.code.tex 2020/10/01 v3.1.6a (3.1.6a)
)))
("C:\Program Files\MiKTeX\tex/generic/pgfplots/libs\tikzlibrarypgfplots.fillbet
ween.code.tex"
("C:\Program Files\MiKTeX\tex/generic/pgfplots/pgfcontrib\tikzlibraryfillbetwee
n.code.tex"
("C:\Program Files\MiKTeX\tex/generic/pgf/frontendlayer/tikz/libraries\tikzlibr
aryintersections.code.tex"
("C:\Program Files\MiKTeX\tex/generic/pgf/libraries\pgflibraryintersections.cod
e.tex"
\pgf@intersect@solutions=\count300
))
("C:\Program Files\MiKTeX\tex/generic/pgfplots/pgfcontrib\tikzlibrarydecoration
s.softclip.code.tex"
("C:\Program Files\MiKTeX\tex/generic/pgfplots/pgfcontrib\pgflibraryfillbetween
.code.tex")))
("C:\Program Files\MiKTeX\tex/generic/pgfplots/libs\tikzlibrarypgfplots.decorat
ions.softclip.code.tex"))
(C:\Users\ericx\AppData\Roaming\MiKTeX\tex/latex/tkz-euclide\tkz-euclide.sty
2020/03/18 3.06c tkz-euclide.sty
Package: tkz-euclide 2020/03/18 3.06c for euclidan geometry 
(C:\Users\ericx\AppData\Roaming\MiKTeX\tex/latex/tkz-base\tkz-base.sty
2020/03/18 3.06c tkz-base.sty
Package: tkz-base 2020/03/18 3.06c tkz-base

("C:\Program Files\MiKTeX\tex/generic/pgf/frontendlayer/tikz/libraries\tikzlibr
aryangles.code.tex"
File: tikzlibraryangles.code.tex 2020/10/01 v3.1.6a (3.1.6a)
)
("C:\Program Files\MiKTeX\tex/generic/pgf/frontendlayer/tikz/libraries\tikzlibr
aryarrows.code.tex"
File: tikzlibraryarrows.code.tex 2020/10/01 v3.1.6a (3.1.6a)

("C:\Program Files\MiKTeX\tex/generic/pgf/libraries\pgflibraryarrows.code.tex"
File: pgflibraryarrows.code.tex 2020/10/01 v3.1.6a (3.1.6a)
\arrowsize=\dimen295
))
("C:\Program Files\MiKTeX\tex/generic/pgf/libraries\pgflibraryarrows.meta.code.
tex"
File: pgflibraryarrows.meta.code.tex 2020/10/01 v3.1.6a (3.1.6a)
\pgfarrowinset=\dimen296
\pgfarrowlength=\dimen297
\pgfarrowwidth=\dimen298
\pgfarrowlinewidth=\dimen299
)
("C:\Program Files\MiKTeX\tex/generic/pgf/frontendlayer/tikz/libraries\tikzlibr
arybabel.code.tex"
File: tikzlibrarybabel.code.tex 2020/10/01 v3.1.6a (3.1.6a)
)
("C:\Program Files\MiKTeX\tex/generic/pgf/frontendlayer/tikz/libraries\tikzlibr
arycalc.code.tex"
File: tikzlibrarycalc.code.tex 2020/10/01 v3.1.6a (3.1.6a)
)
("C:\Program Files\MiKTeX\tex/generic/pgf/frontendlayer/tikz/libraries\tikzlibr
arydecorations.markings.code.tex"
("C:\Program Files\MiKTeX\tex/generic/pgf/libraries/decorations\pgflibrarydecor
ations.markings.code.tex"))
("C:\Program Files\MiKTeX\tex/generic/pgf/frontendlayer/tikz/libraries\tikzlibr
arydecorations.shapes.code.tex"
("C:\Program Files\MiKTeX\tex/generic/pgf/libraries/decorations\pgflibrarydecor
ations.shapes.code.tex"))
("C:\Program Files\MiKTeX\tex/generic/pgf/frontendlayer/tikz/libraries\tikzlibr
arydecorations.text.code.tex"
("C:\Program Files\MiKTeX\tex/generic/pgf/libraries/decorations\pgflibrarydecor
ations.text.code.tex"
\pgf@lib@dec@text@box=\box62
)
\tikz@lib@dec@te@box=\box63
)
("C:\Program Files\MiKTeX\tex/generic/pgf/frontendlayer/tikz/libraries\tikzlibr
arypatterns.code.tex"
File: tikzlibrarypatterns.code.tex 2020/10/01 v3.1.6a (3.1.6a)

("C:\Program Files\MiKTeX\tex/generic/pgf/libraries\pgflibrarypatterns.code.tex
"
File: pgflibrarypatterns.code.tex 2020/10/01 v3.1.6a (3.1.6a)
))
("C:\Program Files\MiKTeX\tex/generic/pgf/frontendlayer/tikz/libraries\tikzlibr
arypositioning.code.tex"
File: tikzlibrarypositioning.code.tex 2020/10/01 v3.1.6a (3.1.6a)
)
("C:\Program Files\MiKTeX\tex/generic/pgf/frontendlayer/tikz/libraries\tikzlibr
aryquotes.code.tex"
File: tikzlibraryquotes.code.tex 2020/10/01 v3.1.6a (3.1.6a)
)
("C:\Program Files\MiKTeX\tex/generic/pgf/frontendlayer/tikz/libraries\tikzlibr
aryshadows.code.tex"
File: tikzlibraryshadows.code.tex 2020/10/01 v3.1.6a (3.1.6a)

("C:\Program Files\MiKTeX\tex/generic/pgf/frontendlayer/tikz/libraries\tikzlibr
aryfadings.code.tex"
File: tikzlibraryfadings.code.tex 2020/10/01 v3.1.6a (3.1.6a)

("C:\Program Files\MiKTeX\tex/generic/pgf/libraries\pgflibraryfadings.code.tex"
File: pgflibraryfadings.code.tex 2020/10/01 v3.1.6a (3.1.6a)
)))
("C:\Program Files\MiKTeX\tex/generic/pgf/frontendlayer/tikz/libraries\tikzlibr
aryshapes.misc.code.tex"
File: tikzlibraryshapes.misc.code.tex 2020/10/01 v3.1.6a (3.1.6a)

("C:\Program Files\MiKTeX\tex/generic/pgf/libraries/shapes\pgflibraryshapes.mis
c.code.tex"
File: pgflibraryshapes.misc.code.tex 2020/10/01 v3.1.6a (3.1.6a)
))
("C:\Program Files\MiKTeX\tex/generic/pgf/frontendlayer/tikz/libraries\tikzlibr
arythrough.code.tex"
File: tikzlibrarythrough.code.tex 2020/10/01 v3.1.6a (3.1.6a)
)
(C:\Users\ericx\AppData\Roaming\MiKTeX\tex/latex/numprint\numprint.sty
Package: numprint 2012/08/20 v1.39 Print numbers (HH)

("C:\Program Files\MiKTeX\tex/latex/tools\array.sty"
Package: array 2019/08/31 v2.4l Tabular extension package (FMi)
\col@sep=\dimen300
\ar@mcellbox=\box64
\extrarowheight=\dimen301
\NC@list=\toks38
\extratabsurround=\skip56
\backup@length=\skip57
\ar@cellbox=\box65
)
\c@nprt@mantissa@digitsbefore=\count301
\c@nprt@mantissa@digitsafter=\count302
\c@nprt@exponent@digitsbefore=\count303
\c@nprt@exponent@digitsafter=\count304
\nprt@digitwidth=\skip58
\nprt@sepwidth=\skip59
\nprt@decimalwidth=\skip60
\nprt@blockwidth=\skip61
\nprt@digittoks=\toks39
\nprt@pretoks=\toks40
\nprt@posttoks=\toks41
\nprt@thisdigit=\count305
\nprt@curpos=\count306
\nprt@rndpos=\count307
\c@nprt@digitsfirstblock=\count308
\c@nprt@blockcnt=\count309
\c@nprt@cntprint=\count310

No configuration file `numprint.cfg' found.)
("C:\Program Files\MiKTeX\tex/latex/l3packages/xfp\xfp.sty"
("C:\Program Files\MiKTeX\tex/latex/l3kernel\expl3.sty"
Package: expl3 2020-09-24 L3 programming layer (loader) 

("C:\Program Files\MiKTeX\tex/latex/l3backend\l3backend-pdftex.def"
File: l3backend-pdftex.def 2020-09-24 L3 backend support: PDF output (pdfTeX)
\l__kernel_color_stack_int=\count311
\l__pdf_internal_box=\box66
))
("C:\Program Files\MiKTeX\tex/latex/l3packages/xparse\xparse.sty"
Package: xparse 2020-05-15 L3 Experimental document command parser

("C:\Program Files\MiKTeX\tex/latex/l3packages/xparse\xparse-generic.tex"))
Package: xfp 2020-05-15 L3 Floating point unit
)
(C:\Users\ericx\AppData\Roaming\MiKTeX\tex/latex/fp\fp.sty
Package: fp 1995/04/02

`Fixed Point Package', Version 0.8, April 2, 1995 (C) Michael Mehlich
(C:\Users\ericx\AppData\Roaming\MiKTeX\tex/latex/fp\defpattern.sty
Package: defpattern 1994/10/12
\actioncount=\count312
)
(C:\Users\ericx\AppData\Roaming\MiKTeX\tex/latex/fp\fp-basic.sty
Package: fp-basic 1996/05/13
\FP@xs=\count313
\FP@xia=\count314
\FP@xib=\count315
\FP@xfa=\count316
\FP@xfb=\count317
\FP@rega=\count318
\FP@regb=\count319
\FP@regs=\count320
\FP@times=\count321
)
(C:\Users\ericx\AppData\Roaming\MiKTeX\tex/latex/fp\fp-addons.sty
Package: fp-addons 1995/03/15
)
(C:\Users\ericx\AppData\Roaming\MiKTeX\tex/latex/fp\fp-snap.sty
Package: fp-snap 1995/04/05
)
(C:\Users\ericx\AppData\Roaming\MiKTeX\tex/latex/fp\fp-exp.sty
Package: fp-exp 1995/04/03
)
(C:\Users\ericx\AppData\Roaming\MiKTeX\tex/latex/fp\fp-trigo.sty
Package: fp-trigo 1995/04/14
)
(C:\Users\ericx\AppData\Roaming\MiKTeX\tex/latex/fp\fp-pas.sty
Package: fp-pas 1994/08/29
)
(C:\Users\ericx\AppData\Roaming\MiKTeX\tex/latex/fp\fp-random.sty
Package: fp-random 1995/02/23
\FPseed=\count322
)
(C:\Users\ericx\AppData\Roaming\MiKTeX\tex/latex/fp\fp-eqn.sty
Package: fp-eqn 1995/04/03
)
(C:\Users\ericx\AppData\Roaming\MiKTeX\tex/latex/fp\fp-upn.sty
Package: fp-upn 1996/10/21
)
(C:\Users\ericx\AppData\Roaming\MiKTeX\tex/latex/fp\fp-eval.sty
Package: fp-eval 1995/04/03
))
\tkzRadius=\dimen302
\tkzLength=\dimen303
\tkz@radi=\dimen304
\tkz@ax=\dimen305
\tkz@ay=\dimen306
\tkz@bx=\dimen307
\tkz@by=\dimen308
\tkz@cx=\dimen309
\tkz@cy=\dimen310
\tkz@dx=\dimen311
\tkz@dy=\dimen312
\tkz@tax=\dimen313
\tkz@tay=\dimen314
\tkz@tbx=\dimen315
\tkz@tby=\dimen316
\tkz@tcx=\dimen317
\tkz@tcy=\dimen318
\tkz@tdx=\dimen319
\tkz@tdy=\dimen320
\tkz@cntmk=\count323

Local configuration file tkz-base.cfg found and used
(C:\Users\ericx\AppData\Roaming\MiKTeX\tex/latex/tkz-base\tkz-base.cfg
2020/03/18 3.06c tkz-base.cfg
)
(C:\Users\ericx\AppData\Roaming\MiKTeX\tex/latex/tkz-base\tkz-tools-modules.tex
2020/03/18 3.06c tkz-tools-utilities.tex
) (C:\Users\ericx\AppData\Roaming\MiKTeX\tex/latex/tkz-base\tkz-lib-marks.tex
2020/03/18 3.06c tkz-lib-symbols.tex
) (C:\Users\ericx\AppData\Roaming\MiKTeX\tex/latex/tkz-base\tkz-tools-base.tex
2020/03/18 3.06c tkz-tools-base.tex
)
(C:\Users\ericx\AppData\Roaming\MiKTeX\tex/latex/tkz-base\tkz-tools-utilities.t
ex
2020/03/18 3.06c tkz-tools-utilities.tex
)
(C:\Users\ericx\AppData\Roaming\MiKTeX\tex/latex/tkz-euclide\tkz-tools-math.tex
2020/03/18 3.06c tkz-tools-math.tex
) (C:\Users\ericx\AppData\Roaming\MiKTeX\tex/latex/tkz-base\tkz-tools-text.tex
2020/03/18 3.06c tkz-tools-text.tex
) (C:\Users\ericx\AppData\Roaming\MiKTeX\tex/latex/tkz-base\tkz-tools-BB.tex
2020/03/18 3.06c tkz-obj-BB.tex
) (C:\Users\ericx\AppData\Roaming\MiKTeX\tex/latex/tkz-base\tkz-tools-arith.tex
2020/03/18 3.06c tkz-tools-arith.tex
File: tkz-tool-arith.tex tkz-tool-arith 3.02 c
) (C:\Users\ericx\AppData\Roaming\MiKTeX\tex/latex/tkz-base\tkz-tools-print.tex
2020/03/18 3.06c tkz-tools-print.tex
) (C:\Users\ericx\AppData\Roaming\MiKTeX\tex/latex/tkz-base\tkz-tools-misc.tex
2020/03/18 3.06c tkz-tools-misc.tex
) (C:\Users\ericx\AppData\Roaming\MiKTeX\tex/latex/tkz-base\tkz-obj-axes.tex
2020/03/18 3.06c tkz-obj-axes.tex
) (C:\Users\ericx\AppData\Roaming\MiKTeX\tex/latex/tkz-base\tkz-obj-grids.tex
2020/03/18 3.06c tkz-obj-grids.tex
) (C:\Users\ericx\AppData\Roaming\MiKTeX\tex/latex/tkz-base\tkz-obj-marks.tex
2020/03/18 3.07c tkz-obj-marks.tex
) (C:\Users\ericx\AppData\Roaming\MiKTeX\tex/latex/tkz-base\tkz-obj-points.tex
2020/03/18 3.06c tkz-obj-points.tex
) (C:\Users\ericx\AppData\Roaming\MiKTeX\tex/latex/tkz-base\tkz-obj-rep.tex
2020/03/18 3.06c tkz-obj-rep.tex
))
(C:\Users\ericx\AppData\Roaming\MiKTeX\tex/latex/tkz-euclide\tkz-tools-intersec
tions.tex
2020/03/18 3.06c tkz-tools-intersections.tex
)
(C:\Users\ericx\AppData\Roaming\MiKTeX\tex/latex/tkz-euclide\tkz-tools-angles.t
ex
2020/03/18 3.06c tkz-tools-angles.tex
)
(C:\Users\ericx\AppData\Roaming\MiKTeX\tex/latex/tkz-euclide\tkz-obj-eu-angles.
tex
2020/03/18 3.06c tkz-tool-eu-angles.tex
\tkz@arcsize=\dimen321
\tkz@fillsize=\dimen322
)
(C:\Users\ericx\AppData\Roaming\MiKTeX\tex/latex/tkz-euclide\tkz-obj-eu-arcs.te
x
2020/03/23 3.06c tkz-obj-eu-arcs.tex
)
(C:\Users\ericx\AppData\Roaming\MiKTeX\tex/latex/tkz-euclide\tkz-obj-eu-compass
.tex
2020/03/18 3.06c tkz-obj-eu-compass.tex
)
(C:\Users\ericx\AppData\Roaming\MiKTeX\tex/latex/tkz-euclide\tkz-obj-eu-circles
.tex
2020/03/18 3.06c tkz-obj-eu-circles.tex
)
(C:\Users\ericx\AppData\Roaming\MiKTeX\tex/latex/tkz-euclide\tkz-obj-eu-draw-ci
rcles.tex
2020/03/18 3.06c tkz-obj-eu-draw-circles.tex
)
(C:\Users\ericx\AppData\Roaming\MiKTeX\tex/latex/tkz-euclide\tkz-obj-eu-draw-li
nes.tex
2020/03/18 3.06c tkz-obj-eu-draw-lines.tex
)
(C:\Users\ericx\AppData\Roaming\MiKTeX\tex/latex/tkz-euclide\tkz-obj-eu-draw-po
lygons.tex
2020/03/18 3.06c tkz-obj-eu-polygons.tex
)
(C:\Users\ericx\AppData\Roaming\MiKTeX\tex/latex/tkz-euclide\tkz-obj-eu-draw-tr
iangles.tex)
(C:\Users\ericx\AppData\Roaming\MiKTeX\tex/latex/tkz-euclide\tkz-obj-eu-lines.t
ex
2020/03/18 3.06c tkz-obj-eu-lines.tex
)
(C:\Users\ericx\AppData\Roaming\MiKTeX\tex/latex/tkz-euclide\tkz-obj-eu-points.
tex
2020/03/18 3.06c tkz-obj-eu-points.tex
)
(C:\Users\ericx\AppData\Roaming\MiKTeX\tex/latex/tkz-euclide\tkz-obj-eu-points-
by.tex
2020/03/18 3.06c tkz-tools-eu-points-by.tex
)
(C:\Users\ericx\AppData\Roaming\MiKTeX\tex/latex/tkz-euclide\tkz-obj-eu-points-
rnd.tex
2020/03/18 3.06c tkz-obj-eu-points-rnd.tex
)
(C:\Users\ericx\AppData\Roaming\MiKTeX\tex/latex/tkz-euclide\tkz-obj-eu-points-
with.tex
2020/03/18 3.06c tkz-obj-eu-points-with.tex
)
(C:\Users\ericx\AppData\Roaming\MiKTeX\tex/latex/tkz-euclide\tkz-obj-eu-polygon
s.tex
2020/03/18 3.06c tkz-obj-eu-polygons.tex
)
(C:\Users\ericx\AppData\Roaming\MiKTeX\tex/latex/tkz-euclide\tkz-obj-eu-protrac
tor.tex
2020/03/18 3.06c tkz-obj-eu-protractor.tex
)
(C:\Users\ericx\AppData\Roaming\MiKTeX\tex/latex/tkz-euclide\tkz-obj-eu-sectors
.tex
2020/03/18 3.06c tkz-obj-eu-sectors.tex
)
(C:\Users\ericx\AppData\Roaming\MiKTeX\tex/latex/tkz-euclide\tkz-obj-eu-show.te
x
2020/03/18 3.06c tkz-obj-eu-show.tex
)
(C:\Users\ericx\AppData\Roaming\MiKTeX\tex/latex/tkz-euclide\tkz-obj-eu-triangl
es.tex
2020/03/18 3.06c tkz-obj-eu-triangles.tex
)) ("C:\Program Files\MiKTeX\tex/latex/tcolorbox\tcolorbox.sty"
Package: tcolorbox 2020/09/29 version 4.41 text color boxes

("C:\Program Files\MiKTeX\tex/latex/tools\verbatim.sty"
Package: verbatim 2019/11/10 v1.5r LaTeX2e package for verbatim enhancements
\every@verbatim=\toks42
\verbatim@line=\toks43
\verbatim@in@stream=\read3
)
("C:\Program Files\MiKTeX\tex/latex/environ\environ.sty"
Package: environ 2014/05/04 v0.3 A new way to define environments

("C:\Program Files\MiKTeX\tex/latex/trimspaces\trimspaces.sty"
Package: trimspaces 2009/09/17 v1.1 Trim spaces around a token list
))
("C:\Program Files\MiKTeX\tex/latex/etoolbox\etoolbox.sty"
Package: etoolbox 2020/08/24 v2.5j e-TeX tools for LaTeX (JAW)
\etb@tempcnta=\count324
)
\tcb@titlebox=\box67
\tcb@upperbox=\box68
\tcb@lowerbox=\box69
\tcb@phantombox=\box70
\c@tcbbreakpart=\count325
\c@tcblayer=\count326
\c@tcolorbox@number=\count327
\tcb@temp=\box71
\tcb@temp=\box72
\tcb@temp=\box73
\tcb@temp=\box74
\tcb@out=\write4
\tcb@record@out=\write5
)
("C:\Program Files\MiKTeX\tex/latex/tcolorbox\tcbraster.code.tex"
Library (tcolorbox): 'tcbraster.code.tex' version '4.41'
\c@tcbrastercolumn=\count328
\c@tcbrasterrow=\count329
\c@tcbraster=\count330
) ("C:\Program Files\MiKTeX\tex/latex/tcolorbox\tcbskins.code.tex"
Library (tcolorbox): 'tcbskins.code.tex' version '4.41'
\tcb@waterbox=\box75
("C:\Program Files\MiKTeX\tex/latex/tcolorbox\tcbskinsjigsaw.code.tex"
Library (tcolorbox): 'tcbskinsjigsaw.code.tex' version '4.41'
)) ("C:\Program Files\MiKTeX\tex/latex/tcolorbox\tcbbreakable.code.tex"
Library (tcolorbox): 'tcbbreakable.code.tex' version '4.41'
("C:\Program Files\MiKTeX\tex/generic/oberdiek\pdfcol.sty"
Package: pdfcol 2019/12/29 v1.6 Handle new color stacks for pdfTeX (HO)

(C:\Users\ericx\AppData\Roaming\MiKTeX\tex/generic/ltxcmds\ltxcmds.sty
Package: ltxcmds 2020-05-10 v1.25 LaTeX kernel commands for general use (HO)
)
(C:\Users\ericx\AppData\Roaming\MiKTeX\tex/generic/infwarerr\infwarerr.sty
Package: infwarerr 2019/12/03 v1.5 Providing info/warning/error messages (HO)
))
Package pdfcol Info: New color stack `tcb@breakable' = 1 on input line 23.
\tcb@testbox=\box76
\tcb@totalupperbox=\box77
\tcb@totallowerbox=\box78
)
("C:\Program Files\MiKTeX\tex/latex/tcolorbox\tcbhooks.code.tex"
Library (tcolorbox): 'tcbhooks.code.tex' version '4.41'
) ("C:\Program Files\MiKTeX\tex/latex/tcolorbox\tcbtheorems.code.tex"
Library (tcolorbox): 'tcbtheorems.code.tex' version '4.41'
) ("C:\Program Files\MiKTeX\tex/latex/tcolorbox\tcbfitting.code.tex"
Library (tcolorbox): 'tcbfitting.code.tex' version '4.41'
\tcbfitdim=\dimen323
\tcb@lowerfitdim=\dimen324
\tcb@upperfitdim=\dimen325
\tcb@cur@hbadness=\count331
) ("C:\Program Files\MiKTeX\tex/latex/tcolorbox\tcbxparse.code.tex"
Library (tcolorbox): 'tcbxparse.code.tex' version '4.41'
) ("C:\Program Files\MiKTeX\tex/latex/tcolorbox\tcblistingsutf8.code.tex"
Library (tcolorbox): 'tcblistingsutf8.code.tex' version '4.41'
("C:\Program Files\MiKTeX\tex/latex/tcolorbox\tcblistings.code.tex"
Library (tcolorbox): 'tcblistings.code.tex' version '4.41'
("C:\Program Files\MiKTeX\tex/latex/listings\listings.sty"
\lst@mode=\count332
\lst@gtempboxa=\box79
\lst@token=\toks44
\lst@length=\count333
\lst@currlwidth=\dimen326
\lst@column=\count334
\lst@pos=\count335
\lst@lostspace=\dimen327
\lst@width=\dimen328
\lst@newlines=\count336
\lst@lineno=\count337
\lst@maxwidth=\dimen329

("C:\Program Files\MiKTeX\tex/latex/listings\lstmisc.sty"
File: lstmisc.sty 2020/03/24 1.8d (Carsten Heinz)
\c@lstnumber=\count338
\lst@skipnumbers=\count339
\lst@framebox=\box80
)
("C:\Program Files\MiKTeX\tex/latex/listings\listings.cfg"
File: listings.cfg 2020/03/24 1.8d listings configuration
))
Package: listings 2020/03/24 1.8d (Carsten Heinz)

("C:\Program Files\MiKTeX\tex/latex/tcolorbox\tcblistingscore.code.tex"
Library (tcolorbox): 'tcblistingscore.code.tex' version '4.41'
("C:\Program Files\MiKTeX\tex/latex/tcolorbox\tcbprocessing.code.tex"
Library (tcolorbox): 'tcbprocessing.code.tex' version '4.41'
("C:\Program Files\MiKTeX\tex/generic/pdftexcmds\pdftexcmds.sty"
Package: pdftexcmds 2020-06-27 v0.33 Utility functions of pdfTeX for LuaTeX (HO
)
Package pdftexcmds Info: \pdf@primitive is available.
Package pdftexcmds Info: \pdf@ifprimitive is available.
Package pdftexcmds Info: \pdfdraftmode found.
)
("C:\Program Files\MiKTeX\tex/latex/tools\shellesc.sty"
Package: shellesc 2019/11/08 v1.0c unified shell escape interface for LaTeX
Package shellesc Info: Restricted shell escape enabled on input line 77.
))
\c@tcblisting=\count340
))
(C:\Users\ericx\AppData\Roaming\MiKTeX\tex/latex/listingsutf8\listingsutf8.sty
Package: listingsutf8 2019-12-10 v1.5 Allow UTF-8 in listings input (HO)

(C:\Users\ericx\AppData\Roaming\MiKTeX\tex/generic/stringenc\stringenc.sty
Package: stringenc 2019/11/29 v1.12 Convert strings between diff. encodings (HO
)

(C:\Users\ericx\AppData\Roaming\MiKTeX\tex/generic/pdfescape\pdfescape.sty
Package: pdfescape 2019/12/09 v1.15 Implements pdfTeX's escape features (HO)
))))
("C:\Program Files\MiKTeX\tex/latex/tcolorbox\tcbexternal.code.tex"
Library (tcolorbox): 'tcbexternal.code.tex' version '4.41'
) ("C:\Program Files\MiKTeX\tex/latex/tcolorbox\tcbmagazine.code.tex"
Library (tcolorbox): 'tcbmagazine.code.tex' version '4.41'
) ("C:\Program Files\MiKTeX\tex/latex/tcolorbox\tcbvignette.code.tex"
Library (tcolorbox): 'tcbvignette.code.tex' version '4.41'
) ("C:\Program Files\MiKTeX\tex/latex/tcolorbox\tcbposter.code.tex"
Library (tcolorbox): 'tcbposter.code.tex' version '4.41'
) (C:\Users\ericx\AppData\Roaming\MiKTeX\tex/latex/ulem\ulem.sty
\UL@box=\box81
\UL@hyphenbox=\box82
\UL@skip=\skip62
\UL@hook=\toks45
\UL@height=\dimen330
\UL@pe=\count341
\UL@pixel=\dimen331
\ULC@box=\box83
Package: ulem 2019/11/18
\ULdepth=\dimen332
)
(C:\Users\ericx\AppData\Roaming\MiKTeX\tex/latex/cancel\cancel.sty
Package: cancel 2013/04/12 v2.2 Cancel math terms
)
(../../../mymacros.sty

../../../mymacros.sty:7: LaTeX Error: Command \QED undefined.

See the LaTeX manual or LaTeX Companion for explanation.
Type  H <return>  for immediate help.
 ...                                              
                                                  
l.7 \renewcommand{\QED}
                       {$\blacksquare$}
Try typing  <return>  to proceed.
If that doesn't work, type  X <return>  to quit.

\tindent=\skip63
)
("C:/Users\ericx\OneDrive - UW\CS_Stuff\LaTeX_Projects\School\PHYS14X\out\PHYS1
4X_Notes.aux"
("C:/Users\ericx\OneDrive - UW\CS_Stuff\LaTeX_Projects\School\PHYS14X\out\1_Int
roduction.aux")
("C:/Users\ericx\OneDrive - UW\CS_Stuff\LaTeX_Projects\School\PHYS14X\out\2_Fou
ndations.aux")
("C:/Users\ericx\OneDrive - UW\CS_Stuff\LaTeX_Projects\School\PHYS14X\out\3_1DM
otion_And_Velocity_Changes.aux")
("C:/Users\ericx\OneDrive - UW\CS_Stuff\LaTeX_Projects\School\PHYS14X\out\4_Con
stant_Acceleration.aux")
("C:/Users\ericx\OneDrive - UW\CS_Stuff\LaTeX_Projects\School\PHYS14X\out\5&6_M
omentum.aux")
("C:/Users\ericx\OneDrive - UW\CS_Stuff\LaTeX_Projects\School\PHYS14X\out\7_Kin
etic_And_Internal_Energy.aux")
("C:/Users\ericx\OneDrive - UW\CS_Stuff\LaTeX_Projects\School\PHYS14X\out\8_Con
servation_Of_Energy.aux")
("C:/Users\ericx\OneDrive - UW\CS_Stuff\LaTeX_Projects\School\PHYS14X\out\9_Rel
ativity.aux")
("C:/Users\ericx\OneDrive - UW\CS_Stuff\LaTeX_Projects\School\PHYS14X\out\10_Ce
ntre_Of_Mass.aux")
("C:/Users\ericx\OneDrive - UW\CS_Stuff\LaTeX_Projects\School\PHYS14X\out\11_Tr
ansfer_Of_Energy.aux")
("C:/Users\ericx\OneDrive - UW\CS_Stuff\LaTeX_Projects\School\PHYS14X\out\12_Gr
avitational_Potential_Energy.aux")
("C:/Users\ericx\OneDrive - UW\CS_Stuff\LaTeX_Projects\School\PHYS14X\out\13_Fo
rces.aux")
("C:/Users\ericx\OneDrive - UW\CS_Stuff\LaTeX_Projects\School\PHYS14X\out\16_Wo
rk.aux"))
\openout1 = `PHYS14X_Notes.aux'.

LaTeX Font Info:    Checking defaults for OML/cmm/m/it on input line 40.
LaTeX Font Info:    ... okay on input line 40.
LaTeX Font Info:    Checking defaults for OMS/cmsy/m/n on input line 40.
LaTeX Font Info:    ... okay on input line 40.
LaTeX Font Info:    Checking defaults for OT1/cmr/m/n on input line 40.
LaTeX Font Info:    ... okay on input line 40.
LaTeX Font Info:    Checking defaults for T1/cmr/m/n on input line 40.
LaTeX Font Info:    ... okay on input line 40.
LaTeX Font Info:    Checking defaults for TS1/cmr/m/n on input line 40.
LaTeX Font Info:    ... okay on input line 40.
LaTeX Font Info:    Checking defaults for OMX/cmex/m/n on input line 40.
LaTeX Font Info:    ... okay on input line 40.
LaTeX Font Info:    Checking defaults for U/cmr/m/n on input line 40.
LaTeX Font Info:    ... okay on input line 40.

*geometry* driver: auto-detecting
*geometry* detected driver: pdftex
*geometry* verbose mode - [ preamble ] result:
* driver: pdftex
* paper: legalpaper
* layout: <same size as paper>
* layoutoffset:(h,v)=(0.0pt,0.0pt)
* modes: 
* h-part:(L,W,R)=(65.04256pt, 484.20988pt, 65.04256pt)
* v-part:(T,H,B)=(65.04256pt, 881.69489pt, 65.04256pt)
* \paperwidth=614.295pt
* \paperheight=1011.78pt
* \textwidth=484.20988pt
* \textheight=881.69489pt
* \oddsidemargin=-7.22743pt
* \evensidemargin=-7.22743pt
* \topmargin=-44.22743pt
* \headheight=12.0pt
* \headsep=25.0pt
* \topskip=10.0pt
* \footskip=30.0pt
* \marginparwidth=65.0pt
* \marginparsep=11.0pt
* \columnsep=10.0pt
* \skip\footins=9.0pt plus 4.0pt minus 2.0pt
* \hoffset=0.0pt
* \voffset=0.0pt
* \mag=1000
* \@twocolumnfalse
* \@twosidefalse
* \@mparswitchfalse
* \@reversemarginfalse
* (1in=72.27pt=25.4mm, 1cm=28.453pt)

LaTeX Info: Redefining \celsius on input line 40.
Package gensymb Info: Faking symbols for \degree and \celsius on input line 40.


Package gensymb Warning: Not defining \perthousand.

LaTeX Info: Redefining \ohm on input line 40.
Package gensymb Info: Using \Omega for \ohm on input line 40.

Package gensymb Warning: Not defining \micro.

("C:\Program Files\MiKTeX\tex/context/base/mkii\supp-pdf.mkii"
[Loading MPS to PDF converter (version 2006.09.02).]
\scratchcounter=\count342
\scratchdimen=\dimen333
\scratchbox=\box84
\nofMPsegments=\count343
\nofMParguments=\count344
\everyMPshowfont=\toks46
\MPscratchCnt=\count345
\MPscratchDim=\dimen334
\MPnumerator=\count346
\makeMPintoPDFobject=\count347
\everyMPtoPDFconversion=\toks47
) ("C:\Program Files\MiKTeX\tex/latex/epstopdf-pkg\epstopdf-base.sty"
Package: epstopdf-base 2020-01-24 v2.11 Base part for package epstopdf
Package epstopdf-base Info: Redefining graphics rule for `.eps' on input line 4
85.
)
Package caption Info: Begin \AtBeginDocument code.
Package caption Info: listings package is loaded.
Package caption Info: End \AtBeginDocument code.

Package pgfplots notification 'compat/show suggested version=true': document ha
s been generated with the most recent feature set (\pgfplotsset{compat=1.17}).

\c@lstlisting=\count348
("C:\Program Files\MiKTeX\tex/latex/base\inputenc.sty"
Package: inputenc 2020/08/01 v1.3d Input encoding file
\inpenc@prehook=\toks48
\inpenc@posthook=\toks49
)
LaTeX Font Info:    Trying to load font information for U+msa on input line 42.


("C:\Program Files\MiKTeX\tex/latex/amsfonts\umsa.fd"
File: umsa.fd 2013/01/14 v3.01 AMS symbols A
)
LaTeX Font Info:    Trying to load font information for U+msb on input line 42.


("C:\Program Files\MiKTeX\tex/latex/amsfonts\umsb.fd"
File: umsb.fd 2013/01/14 v3.01 AMS symbols B
)
("C:/Users\ericx\OneDrive - UW\CS_Stuff\LaTeX_Projects\School\PHYS14X\out\PHYS1
4X_Notes.toc" [1

{C:/Users/ericx/AppData/Local/MiKTeX/pdftex/config/pdftex.map}])
\tf@toc=\write6
\openout6 = `PHYS14X_Notes.toc'.

 [2]
\openout2 = `1_Introduction.aux'.

 (1_Introduction.tex
Underfull \hbox (badness 10000) in paragraph at lines 3--7

 []


Underfull \hbox (badness 10000) in paragraph at lines 8--12

 []

1_Introduction.tex:14: Misplaced alignment tab character &.
l.14     $\bullet$ Notes &
                           lecture recordings will be posted \\
I can't figure out why you would want to use a tab mark
here. If you just want an ampersand, the remedy is
simple: Just type `I\&' now. But if some right brace
up above has ended a previous alignment prematurely,
you're probably due for more error messages, and you
might try typing `S' now just to see what is salvageable.


Underfull \hbox (badness 10000) in paragraph at lines 13--16

 []


Underfull \hbox (badness 10000) in paragraph at lines 17--25

 []


Underfull \hbox (badness 10000) in paragraph at lines 26--35

 []


Underfull \hbox (badness 10000) in paragraph at lines 36--41

 []

) [3

]
\openout2 = `2_Foundations.aux'.

 (2_Foundations.tex
Underfull \hbox (badness 10000) in paragraph at lines 5--8

 []

2_Foundations.tex:11: Undefined control sequence.
\__hook env/quote/begin ->\singlespacing 
                                         \small \__hook_next env/quote/begin 
l.11         \begin{quote}
                          
The control sequence at the end of the top line
of your error message was never \def'ed. If you have
misspelled it (e.g., `\hobx'), type `I' and the correct
spelling (e.g., `I\hbox'). Otherwise just continue,
and I'll forget about whatever was undefined.


Underfull \hbox (badness 10000) in paragraph at lines 49--51

 []


Underfull \hbox (badness 10000) in paragraph at lines 76--78

 []

[4



]
2_Foundations.tex:157: Undefined control sequence.
\pgfmathsetlength ...\pgfmath@onquick #2\pgfmath@ 
                                                  {\begingroup \pgfmath@sele...
l.157             \begin{tikzpicture}[scale= ]
                                              
The control sequence at the end of the top line
of your error message was never \def'ed. If you have
misspelled it (e.g., `\hobx'), type `I' and the correct
spelling (e.g., `I\hbox'). Otherwise just continue,
and I'll forget about whatever was undefined.

2_Foundations.tex:157: Argument of \pgfmath@@onquick has an extra }.
<inserted text> 
                \par 
l.157             \begin{tikzpicture}[scale= ]
                                              
I've run across a `}' that doesn't seem to match anything.
For example, `\def\a#1{...}' and `\a}' would produce
this error. If you simply proceed now, the `\par' that
I've just inserted will cause me to report a runaway
argument that might be the root of the problem. But if
your `}' was spurious, just type `2' and it will go away.

Runaway argument?
{\begingroup \pgfmath@selectfont \pgf@x \unskip \expandafter \endgroup \ETC.
2_Foundations.tex:157: Paragraph ended before \pgfmath@@onquick was complete.
<to be read again> 
                   \par 
l.157             \begin{tikzpicture}[scale= ]
                                              
I suspect you've forgotten a `}', causing me to apply this
control sequence to too much text. How can we recover?
My plan is to forget the whole thing and hope for the best.

) [5]
\openout2 = `3_1DMotion_And_Velocity_Changes.aux'.

 (3_1DMotion_And_Velocity_Changes.tex
Underfull \hbox (badness 10000) in paragraph at lines 45--48

 []


Underfull \hbox (badness 10000) in paragraph at lines 89--92

 []


Underfull \hbox (badness 10000) in paragraph at lines 93--96

 []

[6



]
3_1DMotion_And_Velocity_Changes.tex:152: Undefined control sequence.
l.152         \noinent
                       An object's position can also be represented by a vec...
The control sequence at the end of the top line
of your error message was never \def'ed. If you have
misspelled it (e.g., `\hobx'), type `I' and the correct
spelling (e.g., `I\hbox'). Otherwise just continue,
and I'll forget about whatever was undefined.

Runaway argument?
 \Delta \overrightarrow {r} &= \overrightarrow {r_f} - \overrightarrow \ETC.
3_1DMotion_And_Velocity_Changes.tex:183: Paragraph ended before \align* was com
plete.
<to be read again> 
                   \par 
l.183 
      
I suspect you've forgotten a `}', causing me to apply this
control sequence to too much text. How can we recover?
My plan is to forget the whole thing and hope for the best.

3_1DMotion_And_Velocity_Changes.tex:183: Missing $ inserted.
<inserted text> 
                $
l.183 
      
I've inserted a begin-math/end-math symbol since I think
you left one out. Proceed, with fingers crossed.

3_1DMotion_And_Velocity_Changes.tex:183: Missing \endgroup inserted.
<inserted text> 
                \endgroup 
l.183 
      
I've inserted something that you may have forgotten.
(See the <inserted text> above.)
With luck, this will get me unwedged. But if you
really didn't forget anything, try typing `2' now; then
my insertion and my current dilemma will both disappear.

3_1DMotion_And_Velocity_Changes.tex:183: Display math should end with $$.
<to be read again> 
                   \par 
l.183 
      
The `$' that I just saw supposedly matches a previous `$$'.
So I shall assume that you typed `$$' both times.

<Resources/Vector_Subtraction.png, id=75, 79.29625pt x 57.71562pt>
File: Resources/Vector_Subtraction.png Graphic file (type png)
<use Resources/Vector_Subtraction.png>
Package pdftex.def Info: Resources/Vector_Subtraction.png  used on input line 1
88.
(pdftex.def)             Requested size: 59.47202pt x 43.28659pt.
[7 <./Resources/Vector_Subtraction.png>]
Underfull \hbox (badness 10000) in paragraph at lines 262--265

 []


Underfull \hbox (badness 10000) in paragraph at lines 266--269

 []

<Resources/Position_Time_Graph_Acceleration.png, id=82, 241.40187pt x 103.38625
pt>
File: Resources/Position_Time_Graph_Acceleration.png Graphic file (type png)
<use Resources/Position_Time_Graph_Acceleration.png>
Package pdftex.def Info: Resources/Position_Time_Graph_Acceleration.png  used o
n input line 274.
(pdftex.def)             Requested size: 241.40128pt x 103.38599pt.

Overfull \hbox (23.50832pt too wide) in paragraph at lines 274--275
[][] 
 []

<Resources/Position_Time_Graph_Acceleration2.png, id=83, 243.40938pt x 97.36375
pt>
File: Resources/Position_Time_Graph_Acceleration2.png Graphic file (type png)
<use Resources/Position_Time_Graph_Acceleration2.png>
Package pdftex.def Info: Resources/Position_Time_Graph_Acceleration2.png  used 
on input line 277.
(pdftex.def)             Requested size: 243.40877pt x 97.3635pt.

Overfull \hbox (25.51581pt too wide) in paragraph at lines 277--278
[][] 
 []

[8 <./Resources/Position_Time_Graph_Acceleration.png> <./Resources/Position_Tim
e_Graph_Acceleration2.png>]
Underfull \hbox (badness 10000) in paragraph at lines 287--291

 []


Underfull \hbox (badness 10000) in paragraph at lines 298--300

 []

<Resources/Projectile_Motion.png, id=89, 433.11812pt x 119.44624pt>
File: Resources/Projectile_Motion.png Graphic file (type png)
<use Resources/Projectile_Motion.png>
Package pdftex.def Info: Resources/Projectile_Motion.png  used on input line 30
9.
(pdftex.def)             Requested size: 346.49496pt x 95.55711pt.
<Resources/Projectile_Motion2.png, id=90, 441.65pt x 81.30376pt>
File: Resources/Projectile_Motion2.png Graphic file (type png)
<use Resources/Projectile_Motion2.png>
Package pdftex.def Info: Resources/Projectile_Motion2.png  used on input line 3
15.
(pdftex.def)             Requested size: 397.48132pt x 73.17268pt.
<Resources/Nonzero_Acceleration_Trajectory.png, id=91, 321.2pt x 246.42062pt>
File: Resources/Nonzero_Acceleration_Trajectory.png Graphic file (type png)
<use Resources/Nonzero_Acceleration_Trajectory.png>
Package pdftex.def Info: Resources/Nonzero_Acceleration_Trajectory.png  used on
 input line 323.
(pdftex.def)             Requested size: 192.72148pt x 147.8535pt.
[9 <./Resources/Projectile_Motion.png> <./Resources/Projectile_Motion2.png> <./
Resources/Nonzero_Acceleration_Trajectory.png>]
Underfull \hbox (badness 10000) in paragraph at lines 337--338

 []


Underfull \hbox (badness 10000) in paragraph at lines 339--348

 []


Underfull \hbox (badness 10000) in paragraph at lines 349--355

 []

<Resources/Motion_Diagram.png, id=98, 234.37563pt x 83.81313pt>
File: Resources/Motion_Diagram.png Graphic file (type png)
<use Resources/Motion_Diagram.png>
Package pdftex.def Info: Resources/Motion_Diagram.png  used on input line 359.
(pdftex.def)             Requested size: 234.37503pt x 83.8129pt.

Overfull \hbox (64.16183pt too wide) in paragraph at lines 394--409
 [] 
 []

) [10 <./Resources/Motion_Diagram.png>]
\openout2 = `4_Constant_Acceleration.aux'.

 (4_Constant_Acceleration.tex
<Resources/Constant_Acceleration.png, id=105, 146.34676pt x 121.6545pt>
File: Resources/Constant_Acceleration.png Graphic file (type png)
<use Resources/Constant_Acceleration.png>
Package pdftex.def Info: Resources/Constant_Acceleration.png  used on input lin
e 15.
(pdftex.def)             Requested size: 117.07755pt x 97.32372pt.
<Resources/Motion_Diagram2.png, id=106, 498.06075pt x 367.97475pt>
File: Resources/Motion_Diagram2.png Graphic file (type png)
<use Resources/Motion_Diagram2.png>
Package pdftex.def Info: Resources/Motion_Diagram2.png  used on input line 40.
(pdftex.def)             Requested size: 498.05952pt x 367.97385pt.

Overfull \hbox (13.84964pt too wide) in paragraph at lines 40--41
 [][] 
 []

[11



 <./Resources/Constant_Acceleration.png> <./Resources/Motion_Diagram2.png>]
<Resources/Free_Fall_Diagram.png, id=112, 92.7465pt x 178.86826pt>
File: Resources/Free_Fall_Diagram.png Graphic file (type png)
<use Resources/Free_Fall_Diagram.png>
Package pdftex.def Info: Resources/Free_Fall_Diagram.png  used on input line 63
.
(pdftex.def)             Requested size: 92.74628pt x 178.86781pt.

Underfull \hbox (badness 10000) in paragraph at lines 118--125

 []

[12 <./Resources/Free_Fall_Diagram.png>]) [13]
\openout2 = `5&6_Momentum.aux'.

 (5&6_Momentum.tex
Underfull \hbox (badness 10000) in paragraph at lines 22--29

 []


Underfull \hbox (badness 10000) in paragraph at lines 30--32

 []


Underfull \hbox (badness 10000) in paragraph at lines 56--60

 []

5&6_Momentum.tex:64: Undefined control sequence.
<argument> \DElta 
                  v_{u,x}
l.64 ...} = -\frac{\Delta v_{s,x}}{\DElta v_{u,x}}
                                                  
The control sequence at the end of the top line
of your error message was never \def'ed. If you have
misspelled it (e.g., `\hobx'), type `I' and the correct
spelling (e.g., `I\hbox'). Otherwise just continue,
and I'll forget about whatever was undefined.

[14



]
5&6_Momentum.tex:137: Undefined control sequence.
<argument> ...rightarrow {p}_2 &= \ovrerightarrow 
                                                  {0} \text { (by definition)} 
l.137             \end{align*}
                              
The control sequence at the end of the top line
of your error message was never \def'ed. If you have
misspelled it (e.g., `\hobx'), type `I' and the correct
spelling (e.g., `I\hbox'). Otherwise just continue,
and I'll forget about whatever was undefined.

5&6_Momentum.tex:137: Undefined control sequence.
<argument> ...rightarrow {p}_2 &= \ovrerightarrow 
                                                  {0} \text { (by definition)} 
l.137             \end{align*}
                              
The control sequence at the end of the top line
of your error message was never \def'ed. If you have
misspelled it (e.g., `\hobx'), type `I' and the correct
spelling (e.g., `I\hbox'). Otherwise just continue,
and I'll forget about whatever was undefined.


Underfull \hbox (badness 10000) in paragraph at lines 150--151

 []


Underfull \hbox (badness 10000) in paragraph at lines 158--161

 []


Underfull \hbox (badness 10000) in paragraph at lines 162--163

 []


Underfull \hbox (badness 10000) in paragraph at lines 168--170

 []


Underfull \hbox (badness 10000) in paragraph at lines 177--178

 []

[15]) [16]
\openout2 = `7_Kinetic_And_Internal_Energy.aux'.

 (7_Kinetic_And_Internal_Energy.tex
Underfull \hbox (badness 10000) in paragraph at lines 14--16

 []


Underfull \hbox (badness 10000) in paragraph at lines 17--19

 []


Underfull \hbox (badness 10000) in paragraph at lines 30--31

 []

<Resources/Kinetic_Energy.png, id=130, 470.9595pt x 154.176pt>
File: Resources/Kinetic_Energy.png Graphic file (type png)
<use Resources/Kinetic_Energy.png>
Package pdftex.def Info: Resources/Kinetic_Energy.png  used on input line 36.
(pdftex.def)             Requested size: 470.95834pt x 154.1756pt.

Underfull \hbox (badness 10000) in paragraph at lines 43--46

 []

<Resources/Collisions.png, id=131, 390.86024pt x 173.448pt>
File: Resources/Collisions.png Graphic file (type png)
<use Resources/Collisions.png>
Package pdftex.def Info: Resources/Collisions.png  used on input line 55.
(pdftex.def)             Requested size: 195.42964pt x 86.72379pt.

Underfull \hbox (badness 10000) in paragraph at lines 59--60

 []

) [17



 <./Resources/Kinetic_Energy.png> <./Resources/Collisions.png>]
\openout2 = `8_Conservation_Of_Energy.aux'.


(8_Conservation_Of_Energy.tex
Underfull \hbox (badness 10000) in paragraph at lines 5--7

 []

<Resources/Energy_Bar_Closed_System.png, id=137, 307.1475pt x 121.05225pt>
File: Resources/Energy_Bar_Closed_System.png Graphic file (type png)
<use Resources/Energy_Bar_Closed_System.png>
Package pdftex.def Info: Resources/Energy_Bar_Closed_System.png  used on input 
line 12.
(pdftex.def)             Requested size: 307.14674pt x 121.05194pt.
8_Conservation_Of_Energy.tex:31: Undefined control sequence.
l.31         Recall that \texxtbf
                                 {kinetic energy} is given by
The control sequence at the end of the top line
of your error message was never \def'ed. If you have
misspelled it (e.g., `\hobx'), type `I' and the correct
spelling (e.g., `I\hbox'). Otherwise just continue,
and I'll forget about whatever was undefined.

<Resources/Coeff_Of_Restitution.png, id=138, 642.60075pt x 147.55125pt>
File: Resources/Coeff_Of_Restitution.png Graphic file (type png)
<use Resources/Coeff_Of_Restitution.png>
Package pdftex.def Info: Resources/Coeff_Of_Restitution.png  used on input line
 67.
(pdftex.def)             Requested size: 481.94939pt x 110.66315pt.
[18



 <./Resources/Energy_Bar_Closed_System.png> <./Resources/Coeff_Of_Restitution.p
ng>]
Underfull \hbox (badness 10000) in paragraph at lines 113--114

 []

8_Conservation_Of_Energy.tex:136: Extra }, or forgotten $.
l.136 ...errightarrow{v}_2 - \overrightarrow{v}_1}
                                                  
I've deleted a group-closing symbol because it seems to be
spurious, as in `$x}$'. But perhaps the } is legitimate and
you forgot something else, as in `\hbox{$x}'. In such cases
the way to recover is to insert both the forgotten and the
deleted material, e.g., by typing `I$}'.

) [19]
\openout2 = `9_Relativity.aux'.

 (9_Relativity.tex
Underfull \hbox (badness 10000) in paragraph at lines 5--9

 []

<Resources/Reference_Frames.png, id=150, 480.5955pt x 154.176pt>
File: Resources/Reference_Frames.png Graphic file (type png)
<use Resources/Reference_Frames.png>
Package pdftex.def Info: Resources/Reference_Frames.png  used on input line 25.

(pdftex.def)             Requested size: 480.59433pt x 154.1756pt.

Underfull \hbox (badness 10000) in paragraph at lines 34--35

 []

) [20



 <./Resources/Reference_Frames.png>]
\openout2 = `10_Centre_Of_Mass.aux'.

 (10_Centre_Of_Mass.tex
10_Centre_Of_Mass.tex:41: Missing { inserted.
<to be read again> 
                   \hfil 
l.41 ...m_2 \vec_{r}_2 + \dots}{m_1 + m_2 + \dots}
                                                  ,
A left brace was mandatory here, so I've put one in.
You might want to delete and/or insert some corrections
so that I will find a matching right brace soon.
(If you're confused by all this, try typing `I}' now.)

10_Centre_Of_Mass.tex:41: Missing } inserted.
<inserted text> 
                }
l.41 ...m_2 \vec_{r}_2 + \dots}{m_1 + m_2 + \dots}
                                                  ,
I've inserted something that you may have forgotten.
(See the <inserted text> above.)
With luck, this will get me unwedged. But if you
really didn't forget anything, try typing `2' now; then
my insertion and my current dilemma will both disappear.

10_Centre_Of_Mass.tex:41: Missing { inserted.
<to be read again> 
                   \hfil 
l.41 ...m_2 \vec_{r}_2 + \dots}{m_1 + m_2 + \dots}
                                                  ,
A left brace was mandatory here, so I've put one in.
You might want to delete and/or insert some corrections
so that I will find a matching right brace soon.
(If you're confused by all this, try typing `I}' now.)

10_Centre_Of_Mass.tex:41: Missing } inserted.
<inserted text> 
                }
l.41 ...m_2 \vec_{r}_2 + \dots}{m_1 + m_2 + \dots}
                                                  ,
I've inserted something that you may have forgotten.
(See the <inserted text> above.)
With luck, this will get me unwedged. But if you
really didn't forget anything, try typing `2' now; then
my insertion and my current dilemma will both disappear.

10_Centre_Of_Mass.tex:41: Missing { inserted.
<to be read again> 
                   \hfil 
l.41 ...m_2 \vec_{r}_2 + \dots}{m_1 + m_2 + \dots}
                                                  ,
A left brace was mandatory here, so I've put one in.
You might want to delete and/or insert some corrections
so that I will find a matching right brace soon.
(If you're confused by all this, try typing `I}' now.)

10_Centre_Of_Mass.tex:41: Missing } inserted.
<inserted text> 
                }
l.41 ...m_2 \vec_{r}_2 + \dots}{m_1 + m_2 + \dots}
                                                  ,
I've inserted something that you may have forgotten.
(See the <inserted text> above.)
With luck, this will get me unwedged. But if you
really didn't forget anything, try typing `2' now; then
my insertion and my current dilemma will both disappear.

10_Centre_Of_Mass.tex:41: Missing { inserted.
<to be read again> 
                   \hfil 
l.41 ...m_2 \vec_{r}_2 + \dots}{m_1 + m_2 + \dots}
                                                  ,
A left brace was mandatory here, so I've put one in.
You might want to delete and/or insert some corrections
so that I will find a matching right brace soon.
(If you're confused by all this, try typing `I}' now.)

10_Centre_Of_Mass.tex:41: Missing } inserted.
<inserted text> 
                }
l.41 ...m_2 \vec_{r}_2 + \dots}{m_1 + m_2 + \dots}
                                                  ,
I've inserted something that you may have forgotten.
(See the <inserted text> above.)
With luck, this will get me unwedged. But if you
really didn't forget anything, try typing `2' now; then
my insertion and my current dilemma will both disappear.


Underfull \hbox (badness 10000) in paragraph at lines 50--51

 []

[21



]
Underfull \hbox (badness 10000) in paragraph at lines 124--125

 []

) [22]
\openout2 = `11_Transfer_Of_Energy.aux'.

 (11_Transfer_Of_Energy.tex
Underfull \hbox (badness 10000) in paragraph at lines 5--7

 []


Underfull \hbox (badness 10000) in paragraph at lines 8--9

 []

<Resources/Interactions.jpg, id=161, 441.44925pt x 373.99725pt>
File: Resources/Interactions.jpg Graphic file (type jpg)
<use Resources/Interactions.jpg>
Package pdftex.def Info: Resources/Interactions.jpg  used on input line 14.
(pdftex.def)             Requested size: 485.59566pt x 411.39822pt.

Overfull \hbox (1.38577pt too wide) in paragraph at lines 14--15
 [][] 
 []


Underfull \hbox (badness 10000) in paragraph at lines 17--20

 []


Underfull \hbox (badness 10000) in paragraph at lines 21--25

 []

[23



 <./Resources/Interactions.jpg>]
Underfull \hbox (badness 10000) in paragraph at lines 35--38

 []


Underfull \hbox (badness 10000) in paragraph at lines 45--48

 []


Underfull \hbox (badness 10000) in paragraph at lines 55--56

 []


Underfull \hbox (badness 10000) in paragraph at lines 63--64

 []

) [24]
\openout2 = `12_Gravitational_Potential_Energy.aux'.

 (12_Gravitational_Potential_Energy.tex
Underfull \hbox (badness 10000) in paragraph at lines 5--7

 []


Underfull \hbox (badness 10000) in paragraph at lines 8--10

 []


Underfull \hbox (badness 10000) in paragraph at lines 22--26

 []


Overfull \hbox (51.30382pt too wide) in paragraph at lines 29--42
 [] 
 []


Underfull \hbox (badness 10000) in paragraph at lines 44--48

 []


Underfull \hbox (badness 10000) in paragraph at lines 49--57

 []


Underfull \hbox (badness 10000) in paragraph at lines 58--63

 []

[25



]
Underfull \hbox (badness 10000) in paragraph at lines 119--120

 []

) [26]
\openout2 = `13_Forces.aux'.

 (13_Forces.tex
Underfull \hbox (badness 10000) in paragraph at lines 5--7

 []


Underfull \hbox (badness 10000) in paragraph at lines 38--40

 []


Underfull \hbox (badness 10000) in paragraph at lines 55--56

 []


Underfull \hbox (badness 10000) in paragraph at lines 57--59

 []

[27



]
<Resources/FBDs.jpg, id=178, 497.4585pt x 434.22224pt>
File: Resources/FBDs.jpg Graphic file (type jpg)
<use Resources/FBDs.jpg>
Package pdftex.def Info: Resources/FBDs.jpg  used on input line 93.
(pdftex.def)             Requested size: 497.45728pt x 434.22118pt.

Overfull \hbox (13.24739pt too wide) in paragraph at lines 93--94
 [][] 
 []


Underfull \hbox (badness 10000) in paragraph at lines 100--105

 []


Underfull \hbox (badness 10000) in paragraph at lines 106--109

 []

[28 <./Resources/FBDs.jpg>]
13_Forces.tex:144: Undefined control sequence.
\__hook env/quote/begin ->\singlespacing 
                                         \small \__hook_next env/quote/begin 
l.144             \begin{quote}
                               
The control sequence at the end of the top line
of your error message was never \def'ed. If you have
misspelled it (e.g., `\hobx'), type `I' and the correct
spelling (e.g., `I\hbox'). Otherwise just continue,
and I'll forget about whatever was undefined.

13_Forces.tex:149: Undefined control sequence.
\__hook env/quote/begin ->\singlespacing 
                                         \small \__hook_next env/quote/begin 
l.149             \begin{quote}
                               
The control sequence at the end of the top line
of your error message was never \def'ed. If you have
misspelled it (e.g., `\hobx'), type `I' and the correct
spelling (e.g., `I\hbox'). Otherwise just continue,
and I'll forget about whatever was undefined.

13_Forces.tex:154: Undefined control sequence.
\__hook env/quote/begin ->\singlespacing 
                                         \small \__hook_next env/quote/begin 
l.154             \begin{quote}
                               
The control sequence at the end of the top line
of your error message was never \def'ed. If you have
misspelled it (e.g., `\hobx'), type `I' and the correct
spelling (e.g., `I\hbox'). Otherwise just continue,
and I'll forget about whatever was undefined.


Underfull \hbox (badness 10000) in paragraph at lines 180--182

 []


Underfull \hbox (badness 10000) in paragraph at lines 209--211

 []

[29]
Underfull \hbox (badness 10000) in paragraph at lines 230--231

 []

13_Forces.tex:285: Extra \right.
l.285 ...        \vec{J} = left(\sum\vec{F}\right)
                                                   \Delta t \text{ (constant...
I'm ignoring a \right that had no matching \left.

[30]) [31]
\openout2 = `16_Work.aux'.

 (16_Work.tex
Underfull \hbox (badness 10000) in paragraph at lines 5--7

 []

<Resources/Work.jpg, id=192, 263.18324pt x 128.27925pt>
File: Resources/Work.jpg Graphic file (type jpg)
<use Resources/Work.jpg>
Package pdftex.def Info: Resources/Work.jpg  used on input line 21.
(pdftex.def)             Requested size: 263.1826pt x 128.27893pt.
<Resources/System_work.jpg, id=193, 552.8655pt x 311.36325pt>
File: Resources/System_work.jpg Graphic file (type jpg)
<use Resources/System_work.jpg>
Package pdftex.def Info: Resources/System_work.jpg  used on input line 31.
(pdftex.def)             Requested size: 552.86414pt x 311.36249pt.

Overfull \hbox (68.65425pt too wide) in paragraph at lines 31--32
 [][] 
 []


Underfull \hbox (badness 10000) in paragraph at lines 34--35

 []

16_Work.tex:37: Undefined control sequence.
\__hook env/quote/begin ->\singlespacing 
                                         \small \__hook_next env/quote/begin 
l.37         \begin{quote}
                          
The control sequence at the end of the top line
of your error message was never \def'ed. If you have
misspelled it (e.g., `\hobx'), type `I' and the correct
spelling (e.g., `I\hbox'). Otherwise just continue,
and I'll forget about whatever was undefined.

) [32



 <./Resources/Work.jpg> <./Resources/System_work.jpg>]

PHYS14X_Notes.tex:65: LaTeX Error: \begin{align*} on input line 179 ended by \e
nd{document}.

See the LaTeX manual or LaTeX Companion for explanation.
Type  H <return>  for immediate help.
 ...                                              
                                                  
l.65 \end{document}
                   
Your command was ignored.
Type  I <command> <return>  to replace it with another command,
or  <return>  to continue without it.


("C:/Users\ericx\OneDrive - UW\CS_Stuff\LaTeX_Projects\School\PHYS14X\out\PHYS1
4X_Notes.aux"
("C:/Users\ericx\OneDrive - UW\CS_Stuff\LaTeX_Projects\School\PHYS14X\out\1_Int
roduction.aux")
("C:/Users\ericx\OneDrive - UW\CS_Stuff\LaTeX_Projects\School\PHYS14X\out\2_Fou
ndations.aux")
("C:/Users\ericx\OneDrive - UW\CS_Stuff\LaTeX_Projects\School\PHYS14X\out\3_1DM
otion_And_Velocity_Changes.aux")
("C:/Users\ericx\OneDrive - UW\CS_Stuff\LaTeX_Projects\School\PHYS14X\out\4_Con
stant_Acceleration.aux")
("C:/Users\ericx\OneDrive - UW\CS_Stuff\LaTeX_Projects\School\PHYS14X\out\5&6_M
omentum.aux")
("C:/Users\ericx\OneDrive - UW\CS_Stuff\LaTeX_Projects\School\PHYS14X\out\7_Kin
etic_And_Internal_Energy.aux")
("C:/Users\ericx\OneDrive - UW\CS_Stuff\LaTeX_Projects\School\PHYS14X\out\8_Con
servation_Of_Energy.aux")
("C:/Users\ericx\OneDrive - UW\CS_Stuff\LaTeX_Projects\School\PHYS14X\out\9_Rel
ativity.aux")
("C:/Users\ericx\OneDrive - UW\CS_Stuff\LaTeX_Projects\School\PHYS14X\out\10_Ce
ntre_Of_Mass.aux")
("C:/Users\ericx\OneDrive - UW\CS_Stuff\LaTeX_Projects\School\PHYS14X\out\11_Tr
ansfer_Of_Energy.aux")
("C:/Users\ericx\OneDrive - UW\CS_Stuff\LaTeX_Projects\School\PHYS14X\out\12_Gr
avitational_Potential_Energy.aux")
("C:/Users\ericx\OneDrive - UW\CS_Stuff\LaTeX_Projects\School\PHYS14X\out\13_Fo
rces.aux")
("C:/Users\ericx\OneDrive - UW\CS_Stuff\LaTeX_Projects\School\PHYS14X\out\16_Wo
rk.aux")) )
(\end occurred inside a group at level 1)

### semi simple group (level 1) entered at line 179 (\begingroup)
### bottom level 
Here is how much of TeX's memory you used:
 38731 strings out of 480236
 976196 string characters out of 2890395
 1416791 words of memory out of 3000000
 54386 multiletter control sequences out of 15000+200000
 548613 words of font info for 79 fonts, out of 3000000 for 9000
 1141 hyphenation exceptions out of 8191
 89i,20n,127p,737b,2188s stack positions out of 5000i,500n,10000p,200000b,50000s
<C:/Program Files/MiKTeX/fonts/type1/public/amsfonts/cm/cmbsy10
.pfb><C:/Program Files/MiKTeX/fonts/type1/public/amsfonts/cm/cmbx10.pfb><C:/Pro
gram Files/MiKTeX/fonts/type1/public/amsfonts/cm/cmbx12.pfb><C:/Program Files/M
iKTeX/fonts/type1/public/amsfonts/cm/cmbx7.pfb><C:/Program Files/MiKTeX/fonts/t
ype1/public/amsfonts/cm/cmex10.pfb><C:/Program Files/MiKTeX/fonts/type1/public/
amsfonts/cm/cmmi10.pfb><C:/Program Files/MiKTeX/fonts/type1/public/amsfonts/cm/
cmmi5.pfb><C:/Program Files/MiKTeX/fonts/type1/public/amsfonts/cm/cmmi7.pfb><C:
/Program Files/MiKTeX/fonts/type1/public/amsfonts/cm/cmmib10.pfb><C:/Program Fi
les/MiKTeX/fonts/type1/public/amsfonts/cmextra/cmmib7.pfb><C:/Program Files/MiK
TeX/fonts/type1/public/amsfonts/cm/cmr10.pfb><C:/Program Files/MiKTeX/fonts/typ
e1/public/amsfonts/cm/cmr12.pfb><C:/Program Files/MiKTeX/fonts/type1/public/ams
fonts/cm/cmr17.pfb><C:/Program Files/MiKTeX/fonts/type1/public/amsfonts/cm/cmr5
.pfb><C:/Program Files/MiKTeX/fonts/type1/public/amsfonts/cm/cmr7.pfb><C:/Progr
am Files/MiKTeX/fonts/type1/public/amsfonts/cm/cmr9.pfb><C:/Program Files/MiKTe
X/fonts/type1/public/amsfonts/cm/cmsy10.pfb><C:/Program Files/MiKTeX/fonts/type
1/public/amsfonts/cm/cmsy7.pfb><C:/Program Files/MiKTeX/fonts/type1/public/amsf
onts/cm/cmti10.pfb><C:/Program Files/MiKTeX/fonts/type1/public/amsfonts/latxfon
t/line10.pfb>
Output written on "C:/Users\ericx\OneDrive - UW\CS_Stuff\LaTeX_Projects\School\
PHYS14X\out\PHYS14X_Notes.pdf" (32 pages, 1460051 bytes).
PDF statistics:
 259 PDF objects out of 1000 (max. 8388607)
 0 named destinations out of 1000 (max. 500000)
 252 words of extra memory for PDF output out of 10000 (max. 10000000)

